2025-09-29 10:27:29,698 [INFO] Activator:177 - 


2025-09-29 10:27:29,700 [INFO] Activator:178 - !SESSION log4j initialized
2025-09-29 10:27:30,819 [ERROR] LogOutputStream:74 - [STDERR_REDIRECT] 
2025-09-29 13:55:13,319 [INFO] McuFinderGlobals:39 - Set McuFinder mode to 2 (CubeIDE integrated)
2025-09-29 13:55:13,491 [INFO] ApplicationProperties:181 - Using Application install path: /Applications/STM32CubeIDE.app/Contents/Eclipse/plugins/com.st.stm32cube.common.mx_6.3.0.202107141111
2025-09-29 13:55:13,507 [INFO] DbMcusXml:74 - Set database path to: /Applications/STM32CubeIDE.app/Contents/Eclipse/plugins/com.st.stm32cube.common.mx_6.3.0.202107141111//db//mcu/
2025-09-29 13:55:13,512 [INFO] DbBoardsPdsc:56 - Set plugin database path to: /Applications/STM32CubeIDE.app/Contents/Eclipse/plugins/com.st.stm32cube.common.mx_6.3.0.202107141111//db//plugins/boardmanager/
2025-09-29 13:55:13,512 [INFO] DbMcus:258 - Set plugin images path to: /Applications/STM32CubeIDE.app/Contents/Eclipse/plugins/com.st.stm32cube.common.mx_6.3.0.202107141111//db//plugins/mcufinder/images/
2025-09-29 13:55:13,513 [INFO] DbBoards:264 - Set plugin images path to: /Applications/STM32CubeIDE.app/Contents/Eclipse/plugins/com.st.stm32cube.common.mx_6.3.0.202107141111//db//plugins/mcufinder/images/
2025-09-29 13:55:13,516 [INFO] DbExamples:333 - Set plugin images path to: /Applications/STM32CubeIDE.app/Contents/Eclipse/plugins/com.st.stm32cube.common.mx_6.3.0.202107141111//db//plugins/mcufinder/images/
2025-09-29 13:55:13,523 [INFO] DbMcusAds:119 - Set database path to: /Users/admin/.stmcufinder/plugins/mcufinder//mcu/
2025-09-29 13:55:13,524 [INFO] DbMcusDocs:110 - Set database path to: /Users/admin/.stmcufinder/plugins/mcufinder//mcu/
2025-09-29 13:55:13,527 [INFO] DbMcusJson:64 - Set database path to: /Users/admin/.stmcufinder/plugins/mcufinder//mcu/
2025-09-29 13:55:13,528 [INFO] DbBoardsDocs:110 - Set database path to: /Users/admin/.stmcufinder/plugins/mcufinder//mcu/
2025-09-29 13:55:13,529 [INFO] DbBoardsJson:57 - Set database path to: /Users/admin/.stmcufinder/plugins/mcufinder//mcu/
2025-09-29 13:55:13,610 [INFO] CrossReferenceDbSqlite:196 - Set database path to: /Users/admin/.stmcufinder/plugins/mcufinder//mcu/cs/
2025-09-29 13:55:13,615 [INFO] DbExamplesSqlite:767 - Set database path to: /Users/admin/.stmcufinder/plugins/mcufinder//mcu/
2025-09-29 13:55:13,753 [INFO] RulesReader:57 - Compatibility file has been processed (242 Rules)
2025-09-29 13:55:13,850 [INFO] DbMcusXml:74 - Set database path to: /Applications/STM32CubeIDE.app/Contents/Eclipse/plugins/com.st.stm32cube.common.mx_6.3.0.202107141111//db//mcu/
2025-09-29 13:55:13,851 [INFO] DbBoardsPdsc:56 - Set plugin database path to: /Applications/STM32CubeIDE.app/Contents/Eclipse/plugins/com.st.stm32cube.common.mx_6.3.0.202107141111//db//plugins/boardmanager/
2025-09-29 13:55:13,852 [INFO] DbMcus:258 - Set plugin images path to: /Applications/STM32CubeIDE.app/Contents/Eclipse/plugins/com.st.stm32cube.common.mx_6.3.0.202107141111//db//plugins/mcufinder/images/
2025-09-29 13:55:13,852 [INFO] DbBoards:264 - Set plugin images path to: /Applications/STM32CubeIDE.app/Contents/Eclipse/plugins/com.st.stm32cube.common.mx_6.3.0.202107141111//db//plugins/mcufinder/images/
2025-09-29 13:55:13,852 [INFO] DbExamples:333 - Set plugin images path to: /Applications/STM32CubeIDE.app/Contents/Eclipse/plugins/com.st.stm32cube.common.mx_6.3.0.202107141111//db//plugins/mcufinder/images/
2025-09-29 13:55:13,852 [WARN] DbFile:35 - Overriding database path with different value: /Users/admin/.stmcufinder/plugins/mcufinder/ => /Users/admin/.stmcufinder/plugins/mcufinder
2025-09-29 13:55:13,852 [INFO] DbMcusAds:119 - Set database path to: /Users/admin/.stmcufinder/plugins/mcufinder//mcu/
2025-09-29 13:55:13,852 [WARN] DbFile:35 - Overriding database path with different value: /Users/admin/.stmcufinder/plugins/mcufinder/ => /Users/admin/.stmcufinder/plugins/mcufinder
2025-09-29 13:55:13,853 [INFO] DbMcusDocs:110 - Set database path to: /Users/admin/.stmcufinder/plugins/mcufinder//mcu/
2025-09-29 13:55:13,853 [WARN] DbFile:35 - Overriding database path with different value: /Users/admin/.stmcufinder/plugins/mcufinder/ => /Users/admin/.stmcufinder/plugins/mcufinder
2025-09-29 13:55:13,853 [INFO] DbMcusJson:64 - Set database path to: /Users/admin/.stmcufinder/plugins/mcufinder//mcu/
2025-09-29 13:55:13,853 [WARN] DbFile:35 - Overriding database path with different value: /Users/admin/.stmcufinder/plugins/mcufinder/ => /Users/admin/.stmcufinder/plugins/mcufinder
2025-09-29 13:55:13,853 [INFO] DbBoardsDocs:110 - Set database path to: /Users/admin/.stmcufinder/plugins/mcufinder//mcu/
2025-09-29 13:55:13,853 [WARN] DbFile:35 - Overriding database path with different value: /Users/admin/.stmcufinder/plugins/mcufinder/ => /Users/admin/.stmcufinder/plugins/mcufinder
2025-09-29 13:55:13,853 [INFO] DbBoardsJson:57 - Set database path to: /Users/admin/.stmcufinder/plugins/mcufinder//mcu/
2025-09-29 13:55:13,854 [WARN] DbFile:35 - Overriding database path with different value: /Users/admin/.stmcufinder/plugins/mcufinder/ => /Users/admin/.stmcufinder/plugins/mcufinder
2025-09-29 13:55:13,854 [WARN] DbFile:35 - Overriding database path with different value: /Users/admin/.stmcufinder/plugins/mcufinder/ => /Users/admin/.stmcufinder/plugins/mcufinder
2025-09-29 13:55:13,854 [INFO] CrossReferenceDbSqlite:196 - Set database path to: /Users/admin/.stmcufinder/plugins/mcufinder//mcu/cs/
2025-09-29 13:55:13,854 [WARN] DbFile:35 - Overriding database path with different value: /Users/admin/.stmcufinder/plugins/mcufinder/ => /Users/admin/.stmcufinder/plugins/mcufinder
2025-09-29 13:55:13,854 [INFO] DbExamplesSqlite:767 - Set database path to: /Users/admin/.stmcufinder/plugins/mcufinder//mcu/
2025-09-29 13:55:13,947 [INFO] MainPanel:214 - HeapMemory: 624951296
2025-09-29 13:55:14,085 [INFO] DbMcusXml:74 - Set database path to: /Applications/STM32CubeIDE.app/Contents/Eclipse/plugins/com.st.stm32cube.common.mx_6.3.0.202107141111//db//mcu/
2025-09-29 13:55:14,085 [INFO] DbBoardsPdsc:56 - Set plugin database path to: /Applications/STM32CubeIDE.app/Contents/Eclipse/plugins/com.st.stm32cube.common.mx_6.3.0.202107141111//db//plugins/boardmanager/
2025-09-29 13:55:14,085 [INFO] DbMcus:258 - Set plugin images path to: /Applications/STM32CubeIDE.app/Contents/Eclipse/plugins/com.st.stm32cube.common.mx_6.3.0.202107141111//db//plugins/mcufinder/images/
2025-09-29 13:55:14,085 [INFO] DbBoards:264 - Set plugin images path to: /Applications/STM32CubeIDE.app/Contents/Eclipse/plugins/com.st.stm32cube.common.mx_6.3.0.202107141111//db//plugins/mcufinder/images/
2025-09-29 13:55:14,086 [INFO] DbExamples:333 - Set plugin images path to: /Applications/STM32CubeIDE.app/Contents/Eclipse/plugins/com.st.stm32cube.common.mx_6.3.0.202107141111//db//plugins/mcufinder/images/
2025-09-29 13:55:14,086 [WARN] DbFile:35 - Overriding database path with different value: /Users/admin/.stmcufinder/plugins/mcufinder/ => /Users/admin/.stmcufinder/plugins/mcufinder
2025-09-29 13:55:14,087 [INFO] DbMcusAds:119 - Set database path to: /Users/admin/.stmcufinder/plugins/mcufinder//mcu/
2025-09-29 13:55:14,087 [WARN] DbFile:35 - Overriding database path with different value: /Users/admin/.stmcufinder/plugins/mcufinder/ => /Users/admin/.stmcufinder/plugins/mcufinder
2025-09-29 13:55:14,087 [INFO] DbMcusDocs:110 - Set database path to: /Users/admin/.stmcufinder/plugins/mcufinder//mcu/
2025-09-29 13:55:14,087 [WARN] DbFile:35 - Overriding database path with different value: /Users/admin/.stmcufinder/plugins/mcufinder/ => /Users/admin/.stmcufinder/plugins/mcufinder
2025-09-29 13:55:14,087 [INFO] DbMcusJson:64 - Set database path to: /Users/admin/.stmcufinder/plugins/mcufinder//mcu/
2025-09-29 13:55:14,088 [WARN] DbFile:35 - Overriding database path with different value: /Users/admin/.stmcufinder/plugins/mcufinder/ => /Users/admin/.stmcufinder/plugins/mcufinder
2025-09-29 13:55:14,088 [INFO] DbBoardsDocs:110 - Set database path to: /Users/admin/.stmcufinder/plugins/mcufinder//mcu/
2025-09-29 13:55:14,088 [WARN] DbFile:35 - Overriding database path with different value: /Users/admin/.stmcufinder/plugins/mcufinder/ => /Users/admin/.stmcufinder/plugins/mcufinder
2025-09-29 13:55:14,088 [INFO] DbBoardsJson:57 - Set database path to: /Users/admin/.stmcufinder/plugins/mcufinder//mcu/
2025-09-29 13:55:14,088 [WARN] DbFile:35 - Overriding database path with different value: /Users/admin/.stmcufinder/plugins/mcufinder/ => /Users/admin/.stmcufinder/plugins/mcufinder
2025-09-29 13:55:14,088 [WARN] DbFile:35 - Overriding database path with different value: /Users/admin/.stmcufinder/plugins/mcufinder/ => /Users/admin/.stmcufinder/plugins/mcufinder
2025-09-29 13:55:14,088 [INFO] CrossReferenceDbSqlite:196 - Set database path to: /Users/admin/.stmcufinder/plugins/mcufinder//mcu/cs/
2025-09-29 13:55:14,089 [WARN] DbFile:35 - Overriding database path with different value: /Users/admin/.stmcufinder/plugins/mcufinder/ => /Users/admin/.stmcufinder/plugins/mcufinder
2025-09-29 13:55:14,089 [INFO] DbExamplesSqlite:767 - Set database path to: /Users/admin/.stmcufinder/plugins/mcufinder//mcu/
2025-09-29 13:55:14,116 [INFO] ApplicationProperties:181 - Using Application install path: /Applications/STM32CubeIDE.app/Contents/Eclipse/plugins/com.st.stm32cube.common.mx_6.3.0.202107141111
2025-09-29 13:55:14,117 [INFO] PluginManage:188 - Search for loadable plugins [exclusion list=, ]
2025-09-29 13:55:14,119 [INFO] PluginManage:302 - Check plugin analytics
2025-09-29 13:55:14,357 [INFO] AnalyticsPlugin:257 - Accepted Software Licenses: 
2025-09-29 13:55:14,358 [INFO] AnalyticsPlugin:259 - Accepted CMSIS Pack Licenses: 
2025-09-29 13:55:14,358 [INFO] AnalyticsPlugin:261 - Accepted Firmware Licenses: 
2025-09-29 13:55:14,359 [INFO] PluginManage:352 - Loaded plugin analytics (category:tool,tabindex:-1)
2025-09-29 13:55:14,359 [INFO] PluginManage:302 - Check plugin clock
2025-09-29 13:55:14,374 [INFO] PluginManage:352 - Loaded plugin clock (category:base,tabindex:2)
2025-09-29 13:55:14,374 [INFO] PluginManage:302 - Check plugin ddr
2025-09-29 13:55:14,378 [INFO] PluginManage:352 - Loaded plugin ddr (category:tool,tabindex:6)
2025-09-29 13:55:14,378 [INFO] PluginManage:302 - Check plugin filemanager
2025-09-29 13:55:14,550 [INFO] PluginManage:352 - Loaded plugin filemanager (category:base,tabindex:10)
2025-09-29 13:55:14,550 [INFO] PluginManage:302 - Check plugin ipmanager
2025-09-29 13:55:14,560 [INFO] PluginManage:352 - Loaded plugin ipmanager (category:base,tabindex:5)
2025-09-29 13:55:14,560 [INFO] PluginManage:302 - Check plugin pinoutandconfiguration
2025-09-29 13:55:14,572 [INFO] PluginManage:352 - Loaded plugin pinoutandconfiguration (category:base,tabindex:1)
2025-09-29 13:55:14,572 [INFO] PluginManage:302 - Check plugin pinoutconfig
2025-09-29 13:55:14,611 [INFO] PluginManage:352 - Loaded plugin pinoutconfig (category:base,tabindex:0)
2025-09-29 13:55:14,611 [INFO] PluginManage:302 - Check plugin power
2025-09-29 13:55:14,626 [INFO] PluginManage:352 - Loaded plugin power (category:power,tabindex:4)
2025-09-29 13:55:14,626 [INFO] PluginManage:302 - Check plugin projectmanager
2025-09-29 13:55:14,644 [INFO] PluginManage:352 - Loaded plugin projectmanager (category:projectmanager,tabindex:3)
2025-09-29 13:55:14,645 [INFO] PluginManage:302 - Check plugin thirdparty
2025-09-29 13:55:14,808 [WARN] IntegrityCheckThread:78 - waiting for thirdparty lock release [integrity check]
2025-09-29 13:55:14,809 [INFO] PluginManage:352 - Loaded plugin thirdparty (category:base,tabindex:-1)
2025-09-29 13:55:14,810 [INFO] PluginManage:302 - Check plugin tools
2025-09-29 13:55:14,810 [INFO] IntegrityCheckThread:80 - entering critical section [integrity check]
2025-09-29 13:55:14,811 [INFO] ThirdPartyUpdaterWithRetryManager:66 - Updater plugin not ready yet. [1/15]
2025-09-29 13:55:14,814 [INFO] PluginManage:352 - Loaded plugin tools (category:base,tabindex:7)
2025-09-29 13:55:14,814 [INFO] PluginManage:302 - Check plugin tutovideos
2025-09-29 13:55:15,252 [INFO] PluginManage:352 - Loaded plugin tutovideos (category:base,tabindex:-1)
2025-09-29 13:55:15,252 [INFO] PluginManage:302 - Check plugin updater
2025-09-29 13:55:15,273 [INFO] PluginManage:352 - Loaded plugin updater (category:base,tabindex:12)
2025-09-29 13:55:15,274 [INFO] PluginManage:275 - PluginManage : Loaded plugins [13]
2025-09-29 13:55:16,482 [ERROR] LogOutputStream:74 - [STDERR_REDIRECT] Warning: the fonts "Times" and "Times" are not available for the Java logical font "Serif", which may have unexpected appearance or behavior. Re-enable the "Times" font to remove this warning.
2025-09-29 13:55:16,528 [INFO] PinOutPanel:1463 - setPackage(No Configuration,No Configuration)
2025-09-29 13:55:16,619 [INFO] IPUIPlugin:74 - create IPUIPlugin
2025-09-29 13:55:16,620 [INFO] PluginManager:213 - loadIPPluginJar : add mdma
2025-09-29 13:55:16,630 [INFO] IPUIPlugin:74 - create IPUIPlugin
2025-09-29 13:55:16,630 [INFO] PluginManager:213 - loadIPPluginJar : add freertos
2025-09-29 13:55:16,638 [INFO] IPUIPlugin:74 - create IPUIPlugin
2025-09-29 13:55:16,639 [INFO] PluginManager:213 - loadIPPluginJar : add gic
2025-09-29 13:55:16,651 [INFO] IPUIPlugin:74 - create IPUIPlugin
2025-09-29 13:55:16,652 [INFO] PluginManager:213 - loadIPPluginJar : add adc
2025-09-29 13:55:16,655 [INFO] IPUIPlugin:74 - create IPUIPlugin
2025-09-29 13:55:16,655 [INFO] PluginManager:213 - loadIPPluginJar : add gtzc
2025-09-29 13:55:16,658 [INFO] IPUIPlugin:74 - create IPUIPlugin
2025-09-29 13:55:16,658 [INFO] PluginManager:213 - loadIPPluginJar : add quadspi
2025-09-29 13:55:16,661 [INFO] IPUIPlugin:74 - create IPUIPlugin
2025-09-29 13:55:16,661 [INFO] PluginManager:213 - loadIPPluginJar : add aes
2025-09-29 13:55:16,665 [INFO] IPUIPlugin:74 - create IPUIPlugin
2025-09-29 13:55:16,666 [INFO] PluginManager:213 - loadIPPluginJar : add pdm2pcm
2025-09-29 13:55:16,668 [INFO] IPUIPlugin:74 - create IPUIPlugin
2025-09-29 13:55:16,669 [INFO] PluginManager:213 - loadIPPluginJar : add hash
2025-09-29 13:55:16,671 [INFO] IPUIPlugin:74 - create IPUIPlugin
2025-09-29 13:55:16,671 [INFO] PluginManager:213 - loadIPPluginJar : add tim
2025-09-29 13:55:16,673 [INFO] IPUIPlugin:74 - create IPUIPlugin
2025-09-29 13:55:16,674 [INFO] PluginManager:213 - loadIPPluginJar : add tsc
2025-09-29 13:55:16,676 [INFO] IPUIPlugin:74 - create IPUIPlugin
2025-09-29 13:55:16,676 [INFO] PluginManager:213 - loadIPPluginJar : add ts
2025-09-29 13:55:16,680 [INFO] IPUIPlugin:74 - create IPUIPlugin
2025-09-29 13:55:16,680 [INFO] PluginManager:213 - loadIPPluginJar : add can
2025-09-29 13:55:16,683 [INFO] IPUIPlugin:74 - create IPUIPlugin
2025-09-29 13:55:16,684 [INFO] PluginManager:213 - loadIPPluginJar : add dma3
2025-09-29 13:55:16,686 [INFO] IPUIPlugin:74 - create IPUIPlugin
2025-09-29 13:55:16,686 [INFO] PluginManager:213 - loadIPPluginJar : add dfsdm
2025-09-29 13:55:16,689 [INFO] IPUIPlugin:74 - create IPUIPlugin
2025-09-29 13:55:16,690 [INFO] PluginManager:213 - loadIPPluginJar : add spi
2025-09-29 13:55:16,693 [INFO] IPUIPlugin:74 - create IPUIPlugin
2025-09-29 13:55:16,693 [INFO] PluginManager:213 - loadIPPluginJar : add gfxmmu
2025-09-29 13:55:16,695 [INFO] IPUIPlugin:74 - create IPUIPlugin
2025-09-29 13:55:16,695 [INFO] PluginManager:213 - loadIPPluginJar : add genericplugin
2025-09-29 13:55:16,699 [INFO] IPUIPlugin:74 - create IPUIPlugin
2025-09-29 13:55:16,699 [INFO] PluginManager:213 - loadIPPluginJar : add cryp
2025-09-29 13:55:16,705 [INFO] IPUIPlugin:74 - create IPUIPlugin
2025-09-29 13:55:16,706 [INFO] PluginManager:213 - loadIPPluginJar : add gpio
2025-09-29 13:55:16,708 [INFO] IPUIPlugin:74 - create IPUIPlugin
2025-09-29 13:55:16,708 [INFO] PluginManager:213 - loadIPPluginJar : add comp
2025-09-29 13:55:16,710 [INFO] IPUIPlugin:74 - create IPUIPlugin
2025-09-29 13:55:16,711 [INFO] PluginManager:213 - loadIPPluginJar : add tracer_emb
2025-09-29 13:55:16,714 [INFO] IPUIPlugin:74 - create IPUIPlugin
2025-09-29 13:55:16,715 [INFO] PluginManager:213 - loadIPPluginJar : add openamp
2025-09-29 13:55:16,720 [INFO] IPUIPlugin:74 - create IPUIPlugin
2025-09-29 13:55:16,720 [INFO] PluginManager:213 - loadIPPluginJar : add stm32_wpan
2025-09-29 13:55:16,730 [INFO] IPUIPlugin:74 - create IPUIPlugin
2025-09-29 13:55:16,733 [INFO] PluginManager:213 - loadIPPluginJar : add plateformsettings
2025-09-29 13:55:16,738 [INFO] IPUIPlugin:74 - create IPUIPlugin
2025-09-29 13:55:16,738 [INFO] PluginManager:213 - loadIPPluginJar : add ipddr
2025-09-29 13:55:16,741 [INFO] IPUIPlugin:74 - create IPUIPlugin
2025-09-29 13:55:16,742 [INFO] PluginManager:213 - loadIPPluginJar : add usart
2025-09-29 13:55:16,744 [INFO] IPUIPlugin:74 - create IPUIPlugin
2025-09-29 13:55:16,744 [INFO] PluginManager:213 - loadIPPluginJar : add ltdc
2025-09-29 13:55:16,749 [INFO] IPUIPlugin:74 - create IPUIPlugin
2025-09-29 13:55:16,750 [INFO] PluginManager:213 - loadIPPluginJar : add nvic
2025-09-29 13:55:16,752 [INFO] IPUIPlugin:74 - create IPUIPlugin
2025-09-29 13:55:16,752 [INFO] PluginManager:213 - loadIPPluginJar : add fatfs
2025-09-29 13:55:16,762 [INFO] IPUIPlugin:74 - create IPUIPlugin
2025-09-29 13:55:16,762 [INFO] PluginManager:213 - loadIPPluginJar : add linkedlist
2025-09-29 13:55:16,770 [INFO] IPUIPlugin:74 - create IPUIPlugin
2025-09-29 13:55:16,770 [INFO] PluginManager:213 - loadIPPluginJar : add dma
2025-09-29 13:55:16,776 [INFO] IPUIPlugin:74 - create IPUIPlugin
2025-09-29 13:55:16,776 [INFO] PluginManager:213 - loadIPPluginJar : add fmc
2025-09-29 13:55:16,779 [INFO] IPUIPlugin:74 - create IPUIPlugin
2025-09-29 13:55:16,780 [INFO] PluginManager:213 - loadIPPluginJar : add i2s
2025-09-29 13:55:16,782 [INFO] IPUIPlugin:74 - create IPUIPlugin
2025-09-29 13:55:16,782 [INFO] PluginManager:213 - loadIPPluginJar : add ucpd
2025-09-29 13:55:16,785 [INFO] IPUIPlugin:74 - create IPUIPlugin
2025-09-29 13:55:16,785 [INFO] PluginManager:213 - loadIPPluginJar : add lorawan
2025-09-29 13:55:16,789 [INFO] IPUIPlugin:74 - create IPUIPlugin
2025-09-29 13:55:16,789 [INFO] PluginManager:213 - loadIPPluginJar : add opamp
2025-09-29 13:55:16,793 [INFO] IPUIPlugin:74 - create IPUIPlugin
2025-09-29 13:55:16,794 [INFO] PluginManager:213 - loadIPPluginJar : add touchsensing
2025-09-29 13:55:16,797 [INFO] IPUIPlugin:74 - create IPUIPlugin
2025-09-29 13:55:16,797 [INFO] PluginManager:213 - loadIPPluginJar : add i2c
2025-09-29 13:55:16,802 [INFO] IPUIPlugin:74 - create IPUIPlugin
2025-09-29 13:55:16,802 [INFO] PluginManager:213 - loadIPPluginJar : add resmgrutility
2025-09-29 13:55:16,806 [INFO] IPUIPlugin:74 - create IPUIPlugin
2025-09-29 13:55:16,806 [INFO] PluginManager:213 - loadIPPluginJar : add sai
2025-09-29 13:55:16,810 [INFO] IPUIPlugin:74 - create IPUIPlugin
2025-09-29 13:55:16,810 [INFO] PluginManager:213 - loadIPPluginJar : add usbx
2025-09-29 13:55:17,145 [FATAL] Updater:294 - Updater called before beeing initialized
2025-09-29 13:55:17,236 [FATAL] Updater:294 - Updater called before beeing initialized
2025-09-29 13:55:17,243 [INFO] DbMcusAds:47 - JSON generation date=Tue Jul 08 15:14:23 ICT 2025 (1751962463524)
2025-09-29 13:55:17,243 [FATAL] Updater:294 - Updater called before beeing initialized
2025-09-29 13:55:17,327 [WARN] DetailPanel:314 - Failed to get advertising image, set to default
2025-09-29 13:55:17,443 [FATAL] Updater:294 - Updater called before beeing initialized
2025-09-29 13:55:17,445 [FATAL] Updater:294 - Updater called before beeing initialized
2025-09-29 13:55:17,445 [FATAL] Updater:294 - Updater called before beeing initialized
2025-09-29 13:55:17,446 [WARN] DetailPanel:314 - Failed to get advertising image, set to default
2025-09-29 13:55:17,447 [FATAL] Updater:294 - Updater called before beeing initialized
2025-09-29 13:55:17,486 [ERROR] Updater:1075 - MainUpdater not yet initialized. External WinMGr cannot be set.
2025-09-29 13:55:17,521 [INFO] Updater:1012 - Updater Version found : 6.3.0
2025-09-29 13:55:17,548 [INFO] ApplicationProperties:181 - Using Application install path: /Applications/STM32CubeIDE.app/Contents/Eclipse/plugins/com.st.stm32cube.common.mx_6.3.0.202107141111
2025-09-29 13:55:17,813 [INFO] ThirdPartyUpdaterWithRetryManager:66 - Updater plugin not ready yet. [2/15]
2025-09-29 13:55:18,166 [INFO] MainUpdater:2671 - connection check result : 10
2025-09-29 13:55:18,167 [INFO] MainUpdater:265 - Updater Check For Update Now.
2025-09-29 13:55:18,167 [INFO] MicroXplorer:478 - Change Database Version : DB.6.0.30
2025-09-29 13:55:18,395 [INFO] CheckServerUpdateThread:112 - End of CheckServer Thread
2025-09-29 13:55:18,477 [INFO] MainUpdater:2671 - connection check result : 10
2025-09-29 13:55:19,135 [INFO] McuFinderGlobals:52 - Set McuFinderConnectedMode to false
2025-09-29 13:55:19,208 [INFO] CrossSelectorPresenter:1330 - Cross Selector saved comparison directory: /Users/admin/.stmcufinder/plugins/mcufinder/mcu/cs_comparisons_mx
2025-09-29 13:55:19,215 [INFO] MultiScanPanel:197 - Auto-refresh data requested => check proxy status ongoing
2025-09-29 13:55:19,215 [INFO] MultiScanPanel:201 - Proxy status is invalid
2025-09-29 13:55:19,219 [INFO] FinderPluginLoader:87 - Searching for filters in installed packs
2025-09-29 13:55:19,221 [INFO] DbMcusXml:100 - Load MCU database from /Applications/STM32CubeIDE.app/Contents/Eclipse/plugins/com.st.stm32cube.common.mx_6.3.0.202107141111//db//mcu/families.xml
2025-09-29 13:55:20,722 [INFO] DbMcusJson:93 - JSON generation date=Tue Nov 16 23:17:54 ICT 2021 (1637079474)
2025-09-29 13:55:21,059 [ERROR] Engine:463 - /Users/admin/.stm32cubemx/thirdparties/pdsc/STMicroelectronics.FP-SNS-MOTENVWB1.1.4.0.pdsc: PDSC version is not supported
2025-09-29 13:55:21,118 [WARN] PackLoader:238 - Cannot read IP mode file for STMicroelectronics.FP-ATR-ASTRA1.2.0.2
2025-09-29 13:55:21,126 [ERROR] Engine:463 - /Users/admin/.stm32cubemx/thirdparties/pdsc/STMicroelectronics.X-CUBE-SMBUS.2.1.0.pdsc: PDSC version is not supported
2025-09-29 13:55:21,129 [ERROR] Engine:463 - /Users/admin/.stm32cubemx/thirdparties/pdsc/STMicroelectronics.X-CUBE-ST60.1.0.0.pdsc: PDSC version is not supported
2025-09-29 13:55:21,169 [WARN] PackLoader:238 - Cannot read IP mode file for STMicroelectronics.X-CUBE-AZRTOS-F7.1.1.0
2025-09-29 13:55:21,177 [ERROR] Engine:463 - /Users/admin/.stm32cubemx/thirdparties/pdsc/Cesanta.I-CUBE-Mongoose.7.19.0.pdsc: PDSC version is not supported
2025-09-29 13:55:21,205 [ERROR] Engine:463 - /Users/admin/.stm32cubemx/thirdparties/pdsc/Infineon.AIROC-Wi-Fi-Bluetooth-STM32.1.7.1.pdsc: PDSC version is not supported
2025-09-29 13:55:21,244 [WARN] PackLoader:238 - Cannot read IP mode file for STMicroelectronics.X-CUBE-AZRTOS-H7.3.4.0
2025-09-29 13:55:21,257 [ERROR] Engine:463 - /Users/admin/.stm32cubemx/thirdparties/pdsc/STMicroelectronics.X-CUBE-DISPLAY.3.0.0.pdsc: PDSC version is not supported
2025-09-29 13:55:21,266 [WARN] PackLoader:238 - Cannot read IP mode file for STMicroelectronics.X-CUBE-NFC10.1.0.0
2025-09-29 13:55:21,271 [ERROR] Engine:463 - /Users/admin/.stm32cubemx/thirdparties/pdsc/emotas.I-CUBE-CANOPEN.1.3.0.pdsc: PDSC version is not supported
2025-09-29 13:55:21,274 [ERROR] Engine:463 - /Users/admin/.stm32cubemx/thirdparties/pdsc/STMicroelectronics.FP-SNS-STBOX1.2.1.0.pdsc: PDSC version is not supported
2025-09-29 13:55:21,277 [ERROR] Engine:463 - /Users/admin/.stm32cubemx/thirdparties/pdsc/STMicroelectronics.FP-SNS-SMARTAG2.1.2.0.pdsc: PDSC version is not supported
2025-09-29 13:55:21,279 [ERROR] Engine:463 - /Users/admin/.stm32cubemx/thirdparties/pdsc/STMicroelectronics.FP-SNS-FLIGHT1.5.1.0.pdsc: PDSC version is not supported
2025-09-29 13:55:21,299 [INFO] LogOutputStream:76 - [STDOUT_REDIRECT] 1 : Invalid condition id : UX_CORESTACK_Condition cause : null
2025-09-29 13:55:21,299 [INFO] LogOutputStream:76 - [STDOUT_REDIRECT] 1 : Invalid condition id : UX_CORESTACK_Condition cause : null
2025-09-29 13:55:21,300 [INFO] LogOutputStream:76 - [STDOUT_REDIRECT] 1 : Invalid condition id : UX_CORESTACK_Condition cause : null
2025-09-29 13:55:21,300 [INFO] LogOutputStream:76 - [STDOUT_REDIRECT] 1 : Invalid condition id : UX_CORESTACK_Condition cause : null
2025-09-29 13:55:21,300 [INFO] LogOutputStream:76 - [STDOUT_REDIRECT] 1 : Invalid condition id : UX_CORESTACK_Condition cause : null
2025-09-29 13:55:21,308 [WARN] PackLoader:238 - Cannot read IP mode file for STMicroelectronics.X-CUBE-AZRTOS-WL.2.0.0
2025-09-29 13:55:21,312 [ERROR] Engine:463 - /Users/admin/.stm32cubemx/thirdparties/pdsc/STMicroelectronics.FP-SNS-MOTENV1.5.0.0.pdsc: PDSC version is not supported
2025-09-29 13:55:21,316 [WARN] PackLoader:238 - Cannot read IP mode file for STMicroelectronics.X-CUBE-BLE2.3.3.0
2025-09-29 13:55:21,324 [WARN] PackLoader:238 - Cannot read IP mode file for STMicroelectronics.X-CUBE-NFC9.1.0.0
2025-09-29 13:55:21,330 [WARN] PackLoader:238 - Cannot read IP mode file for wolfSSL.I-CUBE-wolfSSL.5.8.2
2025-09-29 13:55:21,335 [WARN] PackLoader:238 - Cannot read IP mode file for STMicroelectronics.X-CUBE-BLE1.7.1.0
2025-09-29 13:55:21,340 [WARN] PackLoader:238 - Cannot read IP mode file for wolfSSL.I-CUBE-wolfMQTT.1.19.2
2025-09-29 13:55:21,346 [WARN] PackLoader:238 - Cannot read IP mode file for STMicroelectronics.X-CUBE-EEPRMA1.5.2.0
2025-09-29 13:55:21,379 [WARN] PackLoader:238 - Cannot read IP mode file for STMicroelectronics.X-CUBE-AZRTOS-G0.1.1.0
2025-09-29 13:55:21,393 [WARN] PackLoader:238 - Cannot read IP mode file for STMicroelectronics.X-CUBE-SAFEA1.1.2.2
2025-09-29 13:55:21,401 [WARN] PackLoader:238 - Cannot read IP mode file for STMicroelectronics.X-CUBE-NFC4.3.0.0
2025-09-29 13:55:21,408 [ERROR] Engine:463 - /Users/admin/.stm32cubemx/thirdparties/pdsc/EmbeddedOffice.I-CUBE-FS-RTOS.1.0.1.pdsc: PDSC version is not supported
2025-09-29 13:55:21,415 [WARN] PackLoader:238 - Cannot read IP mode file for STMicroelectronics.X-CUBE-WB05N.2.0.0
2025-09-29 13:55:21,420 [WARN] PackLoader:238 - Cannot read IP mode file for wolfSSL.I-CUBE-wolfTPM.3.8.0
2025-09-29 13:55:21,424 [ERROR] Engine:463 - /Users/admin/.stm32cubemx/thirdparties/pdsc/STMicroelectronics.X-CUBE-TCPP.4.2.0.pdsc: PDSC version is not supported
2025-09-29 13:55:21,426 [ERROR] Engine:463 - /Users/admin/.stm32cubemx/thirdparties/pdsc/RealThread.X-CUBE-RT-Thread_Nano.4.1.1.pdsc: PDSC version is not supported
2025-09-29 13:55:21,430 [WARN] PackLoader:238 - Cannot read IP mode file for STMicroelectronics.FP-ATR-SIGFOX1.3.2.0
2025-09-29 13:55:21,436 [ERROR] Engine:463 - /Users/admin/.stm32cubemx/thirdparties/pdsc/ITTIA_DB.I-CUBE-ITTIADB.8.9.0.pdsc: PDSC version is not supported
2025-09-29 13:55:21,439 [ERROR] Engine:463 - /Users/admin/.stm32cubemx/thirdparties/pdsc/STMicroelectronics.X-CUBE-ST67W61.1.0.0.pdsc: PDSC version is not supported
2025-09-29 13:55:21,442 [WARN] PackLoader:238 - Cannot read IP mode file for STMicroelectronics.X-CUBE-AI.10.2.0
2025-09-29 13:55:21,512 [WARN] PackLoader:238 - Cannot read IP mode file for SEGGER.I-CUBE-embOS.1.3.1
2025-09-29 13:55:21,598 [WARN] PackLoader:238 - Cannot read IP mode file for STMicroelectronics.X-CUBE-ALGOBUILD.1.4.0
2025-09-29 13:55:21,699 [WARN] PackLoader:238 - Cannot read IP mode file for STMicroelectronics.X-CUBE-MEMS1.11.3.0
2025-09-29 13:55:22,033 [WARN] PackLoader:238 - Cannot read IP mode file for STMicroelectronics.X-CUBE-PM33A1.1.0.0
2025-09-29 13:55:22,058 [WARN] PackLoader:238 - Cannot read IP mode file for STMicroelectronics.X-CUBE-AZRTOS-F4.1.1.0
2025-09-29 13:55:22,065 [WARN] PackLoader:238 - Cannot read IP mode file for STMicroelectronics.X-CUBE-ISPU.2.1.0
2025-09-29 13:55:22,084 [WARN] PackLoader:238 - Cannot read IP mode file for STMicroelectronics.X-CUBE-NFC12.1.0.0
2025-09-29 13:55:22,118 [WARN] PackLoader:238 - Cannot read IP mode file for STMicroelectronics.X-CUBE-AZRTOS-L5.2.0.0
2025-09-29 13:55:22,132 [WARN] PackLoader:238 - Cannot read IP mode file for STMicroelectronics.X-CUBE-NFC6.3.1.0
2025-09-29 13:55:22,138 [ERROR] Engine:463 - /Users/admin/.stm32cubemx/thirdparties/pdsc/STMicroelectronics.X-CUBE-FREERTOS.1.3.1.pdsc: PDSC version is not supported
2025-09-29 13:55:22,141 [ERROR] Engine:463 - /Users/admin/.stm32cubemx/thirdparties/pdsc/STMicroelectronics.FP-SNS-STAIOTCFT.1.0.0.pdsc: PDSC version is not supported
2025-09-29 13:55:22,145 [ERROR] Engine:463 - /Users/admin/.stm32cubemx/thirdparties/pdsc/STMicroelectronics.X-CUBE-DPower.1.3.0.pdsc: PDSC version is not supported
2025-09-29 13:55:22,179 [WARN] ConditionMgr:437 - getConditionDescription Invalid condition id : LAN8742 Phy interface Condition cause : null
2025-09-29 13:55:22,181 [WARN] PackLoader:238 - Cannot read IP mode file for STMicroelectronics.X-CUBE-AZRTOS-L4.2.0.0
2025-09-29 13:55:22,183 [WARN] ConditionMgr:1038 - genDependencies : Invalid condition id : LAN8742 Phy interface Condition cause : null
2025-09-29 13:55:22,183 [WARN] ConditionMgr:1038 - genDependencies : Invalid condition id : LAN8742 Phy interface Condition cause : null
2025-09-29 13:55:22,184 [WARN] ConditionMgr:1038 - genDependencies : Invalid condition id : LAN8742 Phy interface Condition cause : null
2025-09-29 13:55:22,193 [WARN] PackLoader:238 - Cannot read IP mode file for STMicroelectronics.X-CUBE-SFXS2LP1.4.0.0
2025-09-29 13:55:22,200 [ERROR] Engine:463 - /Users/admin/.stm32cubemx/thirdparties/pdsc/STMicroelectronics.X-CUBE-BLEMGR.4.1.0.pdsc: PDSC version is not supported
2025-09-29 13:55:22,215 [WARN] ConditionMgr:437 - getConditionDescription Invalid condition id : UX DEVICE CLASS RTOS Condition cause : null
2025-09-29 13:55:22,215 [WARN] ConditionMgr:437 - getConditionDescription Invalid condition id : UX DEVICE CLASS RTOS Condition cause : null
2025-09-29 13:55:22,224 [WARN] PackLoader:238 - Cannot read IP mode file for STMicroelectronics.X-CUBE-AZRTOS-WB.2.0.0
2025-09-29 13:55:22,225 [WARN] ConditionMgr:1038 - genDependencies : Invalid condition id : UX DEVICE CLASS RTOS Condition cause : null
2025-09-29 13:55:22,226 [WARN] ConditionMgr:1038 - genDependencies : Invalid condition id : UX DEVICE CLASS RTOS Condition cause : null
2025-09-29 13:55:22,227 [WARN] ConditionMgr:1038 - genDependencies : Invalid condition id : UX DEVICE CLASS RTOS Condition cause : null
2025-09-29 13:55:22,227 [WARN] ConditionMgr:1038 - genDependencies : Invalid condition id : UX DEVICE CLASS RTOS Condition cause : null
2025-09-29 13:55:22,227 [WARN] ConditionMgr:1038 - genDependencies : Invalid condition id : UX DEVICE CLASS RTOS Condition cause : null
2025-09-29 13:55:22,232 [INFO] DbMcus:175 - Found 1951 MCUs (1903 are supported by CubeMX, 1914 are visible in CubeMX)
2025-09-29 13:55:22,233 [INFO] ApiDb:251 - Load user favorites file /Users/admin/.stm32cubeide/favorites.mcus.txt: 0 item(s)
2025-09-29 13:55:22,233 [INFO] ApiDb:255 - User favorites MCUs=[]
2025-09-29 13:55:22,233 [INFO] DbMcus:187 - Set 0 / 0 favorites MCUs
2025-09-29 13:55:22,235 [WARN] PackLoader:238 - Cannot read IP mode file for STMicroelectronics.X-CUBE-GNSS1.7.0.1
2025-09-29 13:55:22,241 [WARN] PackLoader:238 - Cannot read IP mode file for STMicroelectronics.X-CUBE-TOUCHGFX.4.25.0
2025-09-29 13:55:22,243 [ERROR] Engine:463 - /Users/admin/.stm32cubemx/thirdparties/pdsc/quantropi.X-CUBE-qispace-sdk-base.2.1.0.pdsc: PDSC version is not supported
2025-09-29 13:55:22,257 [WARN] PackLoader:238 - Cannot read IP mode file for STMicroelectronics.X-CUBE-SUBG2.5.0.0
2025-09-29 13:55:22,299 [WARN] PackLoader:238 - Cannot read IP mode file for STMicroelectronics.X-CUBE-AZRTOS-H7RS.1.1.0
2025-09-29 13:55:22,324 [WARN] PackLoader:238 - Cannot read IP mode file for STMicroelectronics.X-CUBE-AZRTOS-G4.2.0.0
2025-09-29 13:55:22,331 [WARN] PackLoader:238 - Cannot read IP mode file for wolfSSL.I-CUBE-wolfSSH.1.4.20
2025-09-29 13:55:22,343 [WARN] PackLoader:238 - Cannot read IP mode file for STMicroelectronics.X-CUBE-NFC7.2.0.0
2025-09-29 13:55:22,353 [ERROR] Engine:463 - /Users/admin/.stm32cubemx/thirdparties/pdsc/STMicroelectronics.X-CUBE-IPS.3.1.0.pdsc: PDSC version is not supported
2025-09-29 13:55:22,355 [ERROR] Engine:463 - /Users/admin/.stm32cubemx/thirdparties/pdsc/STMicroelectronics.X-CUBE-ALS.1.0.2.pdsc: PDSC version is not supported
2025-09-29 13:55:22,363 [WARN] PackLoader:238 - Cannot read IP mode file for STMicroelectronics.X-CUBE-STSE01.1.0.0
2025-09-29 13:55:22,375 [ERROR] Engine:463 - /Users/admin/.stm32cubemx/thirdparties/pdsc/STMicroelectronics.X-CUBE-TOF1.3.4.3.pdsc: PDSC version is not supported
2025-09-29 13:55:22,376 [INFO] ThirdParty:915 - Integrity check success = true
2025-09-29 13:55:22,376 [INFO] IntegrityCheckThread:94 - exiting critical section [integrity check]
2025-09-29 13:55:22,376 [INFO] IntegrityCheckThread:97 - End integrity checks thread
2025-09-29 13:55:23,085 [INFO] DetailPanel:309 - Set advertising image to /Users/admin/STM32Cube/Repository//en.2400x1350px.jpeg
2025-09-29 13:55:23,955 [INFO] DbBoardsPdsc:90 - Found 9 items
2025-09-29 13:55:23,957 [INFO] DbBoardsPdsc:90 - Found 5 items
2025-09-29 13:55:23,959 [INFO] DbBoardsPdsc:90 - Found 2 items
2025-09-29 13:55:23,968 [INFO] DbBoardsPdsc:90 - Found 48 items
2025-09-29 13:55:23,974 [INFO] DbBoardsPdsc:90 - Found 25 items
2025-09-29 13:55:23,976 [INFO] DbBoardsPdsc:90 - Found 1 items
2025-09-29 13:55:23,986 [INFO] DbBoardsPdsc:90 - Found 43 items
2025-09-29 13:55:23,992 [INFO] DbBoardsPdsc:90 - Found 33 items
2025-09-29 13:55:24,000 [WARN] DbBoardsPdsc:254 - Board STM32H7B3I-DK: unknown feature type=Audio, name=, username=Audio stereo codec with Headphone Amp (CS42L51-CNZ), n=1
2025-09-29 13:55:24,001 [WARN] DbBoardsPdsc:254 - Board STM32H735G-DK: unknown feature type=Audio, name=, username=Audio stereo codec with Headphone Amp (WM8994ECS/R), n=1
2025-09-29 13:55:24,006 [WARN] DbBoardsPdsc:254 - Board STM32H7B3I-EVAL: unknown feature type=Audio, name=, username=Multi-Channel Audio Codec (CS42L51-CNZ), n=1
2025-09-29 13:55:24,006 [WARN] DbBoardsPdsc:254 - Board STM32H7B3I-EVAL: unknown feature type=Meter, name=, username=Power-metering and Temperature-monitoring with sigma-delta modulators, n=1
2025-09-29 13:55:24,006 [WARN] DbBoardsPdsc:254 - Board STM32H7B3I-EVAL: unknown feature type=Motor, name=, username=Motor Control, n=1
2025-09-29 13:55:24,007 [WARN] DbBoardsPdsc:254 - Board STM32U575I-EV: unknown feature type=joystick, name=, username=4-direction joystick with selection button, n=1
2025-09-29 13:55:24,070 [INFO] DbBoardsJson:86 - JSON generation date=Tue Nov 16 23:17:54 ICT 2021 (1637079474)
2025-09-29 13:55:24,077 [INFO] DbBoards:117 - Found 167 boards (163 are supported by CubeMX)
2025-09-29 13:55:24,082 [INFO] DbBoardsDocs:143 - JSON generation date=Tue Nov 16 23:17:54 ICT 2021 (1637079474)
2025-09-29 13:55:24,088 [INFO] DbBoardsDocs:79 - Found 209 boards documents
2025-09-29 13:55:24,089 [WARN] DbBoards:127 - board B-L475E-IOT01A2 has no document id list !
2025-09-29 13:55:24,090 [WARN] DbBoards:127 - board NUCLEO-H743ZI has no document id list !
2025-09-29 13:55:24,091 [WARN] DbBoards:127 - board NUCLEO-WL55JC2 has no document id list !
2025-09-29 13:55:24,091 [WARN] DbBoards:127 - board P-NUCLEO-WB55-Nucleo has no document id list !
2025-09-29 13:55:24,091 [WARN] DbBoards:127 - board P-NUCLEO-WB55-USBDongle has no document id list !
2025-09-29 13:55:24,091 [WARN] DbBoards:127 - board STEVAL-BFA001V1B has no document id list !
2025-09-29 13:55:24,091 [WARN] DbBoards:127 - board STEVAL-BFA001V2B has no document id list !
2025-09-29 13:55:24,091 [WARN] DbBoards:127 - board STEVAL-IDP005V1 has no document id list !
2025-09-29 13:55:24,091 [WARN] DbBoards:127 - board STEVAL-IDP005V2 has no document id list !
2025-09-29 13:55:24,091 [WARN] DbBoards:127 - board STEVAL-MKSBOX1V1 has no document id list !
2025-09-29 13:55:24,092 [WARN] DbBoards:127 - board STEVAL-STWINKT1 has no document id list !
2025-09-29 13:55:24,092 [WARN] DbBoards:127 - board STEVAL-STWINKT1B has no document id list !
2025-09-29 13:55:24,092 [WARN] DbBoards:127 - board STM32439I-EVAL2 has no document id list !
2025-09-29 13:55:24,092 [WARN] DbBoards:127 - board STM32F401C-DISCO has no document id list !
2025-09-29 13:55:24,093 [WARN] DbBoards:127 - board STM32F769I-DISC1 has no document id list !
2025-09-29 13:55:24,094 [WARN] DbBoards:127 - board STM32G474E-EVAL1 has no document id list !
2025-09-29 13:55:24,094 [WARN] DbBoards:127 - board STM32H743I-EVAL2 has no document id list !
2025-09-29 13:55:24,094 [WARN] DbBoards:127 - board STM32H747I-DISC1 has no document id list !
2025-09-29 13:55:24,095 [WARN] DbBoards:127 - board STM32H753I-EVAL2 has no document id list !
2025-09-29 13:55:24,095 [WARN] DbBoards:127 - board STM32L-DISCOVERY has no document id list !
2025-09-29 13:55:24,348 [ERROR] DbBoards:189 - Image file not found for board B-U585I-IOT02A: /Applications/STM32CubeIDE.app/Contents/Eclipse/plugins/com.st.stm32cube.common.mx_6.3.0.202107141111//db//plugins/mcufinder/images/boards/B-U585I-IOT02A_small.jpg
2025-09-29 13:55:24,586 [ERROR] DbBoards:189 - Image file not found for board NUCLEO-F413ZH: /Applications/STM32CubeIDE.app/Contents/Eclipse/plugins/com.st.stm32cube.common.mx_6.3.0.202107141111//db//plugins/mcufinder/images/boards/nucleo-f413zh_small.jpg
2025-09-29 13:55:24,938 [ERROR] DbBoards:189 - Image file not found for board NUCLEO-L552ZE-Q: /Applications/STM32CubeIDE.app/Contents/Eclipse/plugins/com.st.stm32cube.common.mx_6.3.0.202107141111//db//plugins/mcufinder/images/boards/nucleo_l552ze_q_small.jpg
2025-09-29 13:55:24,938 [ERROR] DbBoards:189 - Image file not found for board NUCLEO-U575ZI-Q: /Applications/STM32CubeIDE.app/Contents/Eclipse/plugins/com.st.stm32cube.common.mx_6.3.0.202107141111//db//plugins/mcufinder/images/boards/nucleo-u575zi-q_small.jpg
2025-09-29 13:55:24,938 [ERROR] DbBoards:189 - Image file not found for board NUCLEO-WB15CC: /Applications/STM32CubeIDE.app/Contents/Eclipse/plugins/com.st.stm32cube.common.mx_6.3.0.202107141111//db//plugins/mcufinder/images/boards/nucleo-wb15cc_small.jpg
2025-09-29 13:55:24,938 [ERROR] DbBoards:189 - Image file not found for board NUCLEO-WB55RG: /Applications/STM32CubeIDE.app/Contents/Eclipse/plugins/com.st.stm32cube.common.mx_6.3.0.202107141111//db//plugins/mcufinder/images/boards/nucleo-wb55rg_small.jpg
2025-09-29 13:55:26,773 [INFO] ApiDb:251 - Load user favorites file /Users/admin/.stm32cubeide/favorites.boards.txt: 0 item(s)
2025-09-29 13:55:26,774 [INFO] ApiDb:255 - User favorites Boards=[]
2025-09-29 13:55:26,774 [INFO] DbBoards:206 - Set 0 / 0 favorites Boards
2025-09-29 13:55:45,290 [INFO] DbMcusDocs:143 - JSON generation date=Tue Nov 16 23:17:54 ICT 2021 (1637079474)
2025-09-29 13:55:45,547 [INFO] DbMcusDocs:79 - Found 682 MCUs documents
2025-09-29 13:55:55,120 [INFO] MainUpdater:2671 - connection check result : 10
2025-09-29 13:55:55,121 [INFO] MainUpdater:2671 - connection check result : 10
2025-09-29 13:55:55,596 [INFO] MicroXplorer:448 - Change Database Path : 
2025-09-29 13:55:55,596 [INFO] MicroXplorer:478 - Change Database Version : DB.6.0.30
2025-09-29 13:55:55,597 [WARN] ThirdParty:813 - waiting for thirdparty lock release [close project]
2025-09-29 13:55:55,597 [INFO] ThirdParty:815 - entering critical section [close project]
2025-09-29 13:55:55,598 [INFO] ThirdParty:825 - exiting critical section [close project]
2025-09-29 13:55:55,603 [INFO] PinOutPanel:1463 - setPackage(No Configuration,No Configuration)
2025-09-29 13:55:55,605 [INFO] UtilMem:74 - Begin LoadConfig() Used Memory: 737819840 Bytes (864026624)
2025-09-29 13:55:55,606 [INFO] MicroXplorer:448 - Change Database Path : 
2025-09-29 13:55:55,606 [INFO] MicroXplorer:478 - Change Database Version : DB.6.0.30
2025-09-29 13:55:55,606 [INFO] OpenFileManager:313 - Change cursor
2025-09-29 13:55:56,390 [INFO] Context:592 - Trying to add GPIOservice into a context  which must be forbidden
2025-09-29 13:55:56,650 [INFO] ImportTextPane:167 - (OptionalMessage_ERROR) Unable to find key (Mcu.ThirdPartyNb) in loaded IOC file
2025-09-29 13:55:56,650 [INFO] ImportTextPane:167 - (OptionalMessage_ERROR) Unable to find key (Mcu.PinsNb) in loaded IOC file
2025-09-29 13:55:56,650 [INFO] ImportTextPane:167 - (OptionalMessage_ERROR) Unable to find key (Mcu.IPNb) in loaded IOC file
2025-09-29 13:55:56,708 [WARN] ApiManager:304 - Cannot register API 'Board Extension:PM33A1' from pack STMicroelectronics.X-CUBE-PM33A1.1.0.0: no header file found
2025-09-29 13:55:56,713 [WARN] ApiManager:304 - Cannot register API 'Board Extension:NFC09A1' from pack STMicroelectronics.X-CUBE-NFC9.1.0.0: no header file found
2025-09-29 13:55:56,718 [WARN] ApiManager:304 - Cannot register API 'Wireless:BlueNRG-MS' from pack STMicroelectronics.X-CUBE-BLE1.7.1.0: no header file found
2025-09-29 13:55:56,721 [WARN] ApiManager:304 - Cannot register API 'Board Extension:EEPRMA2' from pack STMicroelectronics.X-CUBE-EEPRMA1.5.2.0: no header file found
2025-09-29 13:55:56,722 [WARN] ApiManager:304 - Cannot register API 'Board Extension:PGEEZ1' from pack STMicroelectronics.X-CUBE-EEPRMA1.5.2.0: no header file found
2025-09-29 13:55:56,722 [WARN] ApiManager:304 - Cannot register API 'Board Extension:EEICA1' from pack STMicroelectronics.X-CUBE-EEPRMA1.5.2.0: no header file found
2025-09-29 13:55:56,722 [WARN] ApiManager:304 - Cannot register API 'Board Part:M24' from pack STMicroelectronics.X-CUBE-EEPRMA1.5.2.0: no header file found
2025-09-29 13:55:56,722 [WARN] ApiManager:304 - Cannot register API 'Board Part:M95' from pack STMicroelectronics.X-CUBE-EEPRMA1.5.2.0: no header file found
2025-09-29 13:55:56,722 [WARN] ApiManager:304 - Cannot register API 'Board Part:M95P32' from pack STMicroelectronics.X-CUBE-EEPRMA1.5.2.0: no header file found
2025-09-29 13:55:56,722 [WARN] ApiManager:304 - Cannot register API 'Board Part:M24256E-F' from pack STMicroelectronics.X-CUBE-EEPRMA1.5.2.0: no header file found
2025-09-29 13:55:56,722 [WARN] ApiManager:304 - Cannot register API 'Board Part:M24M01E-F' from pack STMicroelectronics.X-CUBE-EEPRMA1.5.2.0: no header file found
2025-09-29 13:55:56,723 [WARN] ApiManager:304 - Cannot register API 'PGEEZ1:SPI' from pack STMicroelectronics.X-CUBE-EEPRMA1.5.2.0: no header file found
2025-09-29 13:55:56,723 [WARN] ApiManager:304 - Cannot register API 'PGEEZ1:QDSPI' from pack STMicroelectronics.X-CUBE-EEPRMA1.5.2.0: no header file found
2025-09-29 13:55:56,726 [WARN] ApiManager:304 - Cannot register API 'Board Extension:GNSS1A1' from pack STMicroelectronics.X-CUBE-GNSS1.7.0.1: no header file found
2025-09-29 13:55:56,726 [WARN] ApiManager:304 - Cannot register API 'Board Support:Custom' from pack STMicroelectronics.X-CUBE-GNSS1.7.0.1: no header file found
2025-09-29 13:55:56,726 [WARN] ApiManager:304 - Cannot register API 'Data Exchange:lib_gnss' from pack STMicroelectronics.X-CUBE-GNSS1.7.0.1: no header file found
2025-09-29 13:55:56,727 [WARN] ApiManager:304 - Cannot register API 'Board Extension:NFC12A1' from pack STMicroelectronics.X-CUBE-NFC12.1.0.0: no header file found
2025-09-29 13:55:56,739 [WARN] ApiManager:304 - Cannot register API 'Board Extension:NFC06A1' from pack STMicroelectronics.X-CUBE-NFC6.3.1.0: no header file found
2025-09-29 13:55:56,739 [WARN] ApiManager:304 - Cannot register API 'Board Extension:NFC08A1' from pack STMicroelectronics.X-CUBE-NFC6.3.1.0: no header file found
2025-09-29 13:55:56,741 [INFO] RtosManager:484 - Registered RTOS mode: class=CMSIS, group=RTOS, mode=CMSIS_V1, owner=FREERTOS
2025-09-29 13:55:56,742 [INFO] RtosManager:484 - Registered RTOS mode: class=CMSIS, group=RTOS2, mode=CMSIS_V2, owner=FREERTOS
2025-09-29 13:55:56,742 [INFO] RtosManager:484 - Registered RTOS mode: class=RTOS, group=Core, mode=CMSIS_V1, owner=FREERTOS
2025-09-29 13:55:56,742 [INFO] RtosManager:484 - Registered RTOS mode: class=RTOS, group=Core, mode=CMSIS_V2, owner=FREERTOS
2025-09-29 13:55:56,742 [WARN] ModelIntegratedComponent:181 - Missing modes for component STMicroelectronics:FreeRTOS:0.0.1:STMicroelectronics:RTOS:FreeRTOS:Core:::10.2.0:
2025-09-29 13:55:56,745 [WARN] ApiManager:304 - Cannot register API 'Board Extension:STSAFEA1' from pack STMicroelectronics.X-CUBE-SAFEA1.1.2.2: no header file found
2025-09-29 13:55:56,745 [WARN] ApiManager:304 - Cannot register API 'Board Part:STSAFEA110' from pack STMicroelectronics.X-CUBE-SAFEA1.1.2.2: no header file found
2025-09-29 13:55:56,745 [WARN] ApiManager:304 - Cannot register API 'Security:ST_Cryptolib' from pack STMicroelectronics.X-CUBE-SAFEA1.1.2.2: no header file found
2025-09-29 13:55:56,745 [WARN] ApiManager:304 - Cannot register API 'Security:MbedTLS' from pack STMicroelectronics.X-CUBE-SAFEA1.1.2.2: no header file found
2025-09-29 13:55:56,746 [WARN] ApiManager:304 - Cannot register API 'Board Extension:NFC04A1' from pack STMicroelectronics.X-CUBE-NFC4.3.0.0: no header file found
2025-09-29 13:55:56,751 [WARN] ApiManager:304 - Cannot register API 'Board Extension:S2868A1' from pack STMicroelectronics.X-CUBE-SUBG2.5.0.0: no header file found
2025-09-29 13:55:56,751 [WARN] ApiManager:304 - Cannot register API 'Board Extension:S2868A2' from pack STMicroelectronics.X-CUBE-SUBG2.5.0.0: no header file found
2025-09-29 13:55:56,751 [WARN] ApiManager:304 - Cannot register API 'Board Extension:S2915A1' from pack STMicroelectronics.X-CUBE-SUBG2.5.0.0: no header file found
2025-09-29 13:55:56,755 [WARN] ApiManager:304 - Cannot register API 'Wireless:STM32WB05N' from pack STMicroelectronics.X-CUBE-WB05N.2.0.0: no header file found
2025-09-29 13:55:56,758 [WARN] ApiManager:304 - Cannot register API 'Board Extension:NFC07A1' from pack STMicroelectronics.X-CUBE-NFC7.2.0.0: no header file found
2025-09-29 13:55:56,760 [WARN] ApiManager:304 - Cannot register API 'Board Extension:NFC10A1' from pack STMicroelectronics.X-CUBE-NFC10.1.0.0: no header file found
2025-09-29 13:55:56,761 [WARN] ModelIntegratedComponent:60 - No mode defined for component null
2025-09-29 13:55:56,761 [WARN] ModelIntegratedComponent:60 - No mode defined for component null
2025-09-29 13:55:56,761 [WARN] ModelIntegratedComponent:60 - No mode defined for component null
2025-09-29 13:55:56,761 [WARN] ModelIntegratedComponent:60 - No mode defined for component null
2025-09-29 13:55:56,762 [WARN] ModelIntegratedComponent:60 - No mode defined for component null
2025-09-29 13:55:56,762 [WARN] ModelIntegratedComponent:60 - No mode defined for component null
2025-09-29 13:55:56,762 [WARN] ModelIntegratedComponent:60 - No mode defined for component null
2025-09-29 13:55:56,762 [WARN] ModelIntegratedComponent:60 - No mode defined for component null
2025-09-29 13:55:56,762 [WARN] ModelIntegratedComponent:60 - No mode defined for component null
2025-09-29 13:55:56,762 [WARN] ModelIntegratedComponent:60 - No mode defined for component null
2025-09-29 13:55:56,763 [WARN] ModelIntegratedComponent:60 - No mode defined for component null
2025-09-29 13:55:56,763 [WARN] ModelIntegratedComponent:60 - No mode defined for component null
2025-09-29 13:55:56,763 [WARN] ModelIntegratedComponent:60 - No mode defined for component null
2025-09-29 13:55:56,763 [WARN] ModelIntegratedComponent:60 - No mode defined for component null
2025-09-29 13:55:56,763 [WARN] ModelIntegratedComponent:60 - No mode defined for component null
2025-09-29 13:55:56,763 [WARN] ModelIntegratedComponent:60 - No mode defined for component null
2025-09-29 13:55:56,764 [WARN] ModelIntegratedComponent:60 - No mode defined for component null
2025-09-29 13:55:56,764 [WARN] ModelIntegratedComponent:60 - No mode defined for component null
2025-09-29 13:55:56,764 [WARN] ModelIntegratedComponent:60 - No mode defined for component null
2025-09-29 13:55:56,764 [WARN] ModelIntegratedComponent:60 - No mode defined for component null
2025-09-29 13:55:56,764 [WARN] ModelIntegratedComponent:60 - No mode defined for component null
2025-09-29 13:55:56,764 [WARN] ModelIntegratedComponent:60 - No mode defined for component null
2025-09-29 13:55:56,764 [WARN] ModelIntegratedComponent:60 - No mode defined for component null
2025-09-29 13:55:56,764 [WARN] ModelIntegratedComponent:60 - No mode defined for component null
2025-09-29 13:55:56,764 [WARN] ModelIntegratedComponent:60 - No mode defined for component null
2025-09-29 13:55:56,764 [WARN] ModelIntegratedComponent:60 - No mode defined for component null
2025-09-29 13:55:56,765 [WARN] ModelIntegratedComponent:60 - No mode defined for component null
2025-09-29 13:55:56,765 [WARN] ModelIntegratedComponent:60 - No mode defined for component null
2025-09-29 13:55:56,765 [WARN] ModelIntegratedComponent:60 - No mode defined for component null
2025-09-29 13:55:56,765 [WARN] ModelIntegratedComponent:60 - No mode defined for component null
2025-09-29 13:55:56,765 [WARN] ModelIntegratedComponent:60 - No mode defined for component null
2025-09-29 13:55:56,767 [WARN] ApiManager:304 - Cannot register API 'Board Extension:SAFEA1' from pack STMicroelectronics.X-CUBE-STSE01.1.0.0: no header file found
2025-09-29 13:55:56,767 [WARN] ApiManager:304 - Cannot register API 'Board Extension:ESE01A1' from pack STMicroelectronics.X-CUBE-STSE01.1.0.0: no header file found
2025-09-29 13:55:56,767 [WARN] ApiManager:304 - Cannot register API 'Board Part:STSAFEA110' from pack STMicroelectronics.X-CUBE-STSE01.1.0.0: no header file found
2025-09-29 13:55:56,767 [WARN] ApiManager:304 - Cannot register API 'Board Part:STSAFEA120' from pack STMicroelectronics.X-CUBE-STSE01.1.0.0: no header file found
2025-09-29 13:55:56,767 [WARN] ApiManager:304 - Cannot register API 'Security:STM32_Cryptographic' from pack STMicroelectronics.X-CUBE-STSE01.1.0.0: no header file found
2025-09-29 13:55:56,767 [WARN] ApiManager:304 - Cannot register API 'Security:STSELib' from pack STMicroelectronics.X-CUBE-STSE01.1.0.0: no header file found
2025-09-29 13:55:57,181 [WARN] ApiManager:304 - Cannot register API 'Board Extension:IKS01A3' from pack STMicroelectronics.X-CUBE-MEMS1.11.3.0: no header file found
2025-09-29 13:55:57,181 [WARN] ApiManager:304 - Cannot register API 'Board Extension:IKS02A1' from pack STMicroelectronics.X-CUBE-MEMS1.11.3.0: no header file found
2025-09-29 13:55:57,181 [WARN] ApiManager:304 - Cannot register API 'Board Extension:IKS4A1' from pack STMicroelectronics.X-CUBE-MEMS1.11.3.0: no header file found
2025-09-29 13:55:57,194 [WARN] ApiManager:304 - Cannot register API 'Board Extension:S2868A1' from pack STMicroelectronics.X-CUBE-SFXS2LP1.4.0.0: no header file found
2025-09-29 13:55:57,194 [WARN] ApiManager:304 - Cannot register API 'Board Extension:S2868A2' from pack STMicroelectronics.X-CUBE-SFXS2LP1.4.0.0: no header file found
2025-09-29 13:55:57,195 [WARN] ApiManager:304 - Cannot register API 'Board Extension:S2915A1' from pack STMicroelectronics.X-CUBE-SFXS2LP1.4.0.0: no header file found
2025-09-29 13:55:57,195 [WARN] ApiManager:304 - Cannot register API 'Wireless:BlueNRG-2' from pack STMicroelectronics.X-CUBE-BLE2.3.3.0: no header file found
2025-09-29 13:55:58,830 [INFO] UtilMem:74 - End LoadConfig() Used Memory: 686609152 Bytes (864026624)
2025-09-29 13:55:58,834 [WARN] ThirdParty:779 - waiting for thirdparty lock release [change project]
2025-09-29 13:55:58,835 [INFO] ThirdParty:781 - entering critical section [change project]
2025-09-29 13:55:58,835 [INFO] ThirdParty:967 - CMSIS Pack Vendor :STMicroelectronics X-CUBE-PM33A1 1.0.0
2025-09-29 13:55:58,835 [INFO] ThirdParty:967 - CMSIS Pack Vendor :STMicroelectronics X-CUBE-NFC9 1.0.0
2025-09-29 13:55:58,835 [INFO] ThirdParty:967 - CMSIS Pack Vendor :STMicroelectronics USB_HOST 2.0.0
2025-09-29 13:55:58,835 [INFO] ThirdParty:967 - CMSIS Pack Vendor :STMicroelectronics X-CUBE-AZRTOS-F4 1.1.0
2025-09-29 13:55:58,835 [INFO] ThirdParty:967 - CMSIS Pack Vendor :STMicroelectronics FP-ATR-ASTRA1 2.0.2
2025-09-29 13:55:58,835 [INFO] ThirdParty:967 - CMSIS Pack Vendor :wolfSSL I-CUBE-wolfSSL 5.8.2
2025-09-29 13:55:58,836 [INFO] ThirdParty:967 - CMSIS Pack Vendor :STMicroelectronics X-CUBE-BLE1 7.1.0
2025-09-29 13:55:58,836 [INFO] ThirdParty:967 - CMSIS Pack Vendor :wolfSSL I-CUBE-wolfMQTT 1.19.2
2025-09-29 13:55:58,836 [INFO] ThirdParty:967 - CMSIS Pack Vendor :STMicroelectronics USB_DEVICE 3.0.0
2025-09-29 13:55:58,836 [INFO] ThirdParty:967 - CMSIS Pack Vendor :STMicroelectronics X-CUBE-ISPU 2.1.0
2025-09-29 13:55:58,836 [INFO] ThirdParty:967 - CMSIS Pack Vendor :STMicroelectronics X-CUBE-EEPRMA1 5.2.0
2025-09-29 13:55:58,836 [INFO] ThirdParty:967 - CMSIS Pack Vendor :STMicroelectronics X-CUBE-AZRTOS-WB 2.0.0
2025-09-29 13:55:58,837 [INFO] ThirdParty:967 - CMSIS Pack Vendor :STMicroelectronics X-CUBE-GNSS1 7.0.1
2025-09-29 13:55:58,837 [INFO] ThirdParty:967 - CMSIS Pack Vendor :STMicroelectronics X-CUBE-NFC12 1.0.0
2025-09-29 13:55:58,837 [INFO] ThirdParty:967 - CMSIS Pack Vendor :STMicroelectronics X-CUBE-AZRTOS-F7 1.1.0
2025-09-29 13:55:58,837 [INFO] ThirdParty:967 - CMSIS Pack Vendor :STMicroelectronics X-CUBE-AZRTOS-L5 2.0.0
2025-09-29 13:55:58,837 [INFO] ThirdParty:967 - CMSIS Pack Vendor :STMicroelectronics X-CUBE-TOUCHGFX 4.25.0
2025-09-29 13:55:58,837 [INFO] ThirdParty:967 - CMSIS Pack Vendor :STMicroelectronics USB_DEVICE 2.0.0
2025-09-29 13:55:58,837 [INFO] ThirdParty:967 - CMSIS Pack Vendor :STMicroelectronics X-CUBE-NFC6 3.1.0
2025-09-29 13:55:58,837 [INFO] ThirdParty:967 - CMSIS Pack Vendor :STMicroelectronics FreeRTOS 0.0.1
2025-09-29 13:55:58,838 [INFO] ThirdParty:967 - CMSIS Pack Vendor :STMicroelectronics X-CUBE-AZRTOS-G0 1.1.0
2025-09-29 13:55:58,838 [INFO] ThirdParty:967 - CMSIS Pack Vendor :STMicroelectronics X-CUBE-SAFEA1 1.2.2
2025-09-29 13:55:58,838 [INFO] ThirdParty:967 - CMSIS Pack Vendor :STMicroelectronics X-CUBE-NFC4 3.0.0
2025-09-29 13:55:58,838 [INFO] ThirdParty:967 - CMSIS Pack Vendor :STMicroelectronics X-CUBE-SUBG2 5.0.0
2025-09-29 13:55:58,838 [INFO] ThirdParty:967 - CMSIS Pack Vendor :STMicroelectronics X-CUBE-AZRTOS-H7RS 1.1.0
2025-09-29 13:55:58,838 [INFO] ThirdParty:967 - CMSIS Pack Vendor :STMicroelectronics lwIP 2.0.3
2025-09-29 13:55:58,838 [INFO] ThirdParty:967 - CMSIS Pack Vendor :STMicroelectronics USB_HOST 1.0.0
2025-09-29 13:55:58,838 [INFO] ThirdParty:967 - CMSIS Pack Vendor :STMicroelectronics X-CUBE-AZRTOS-G4 2.0.0
2025-09-29 13:55:58,838 [INFO] ThirdParty:967 - CMSIS Pack Vendor :STMicroelectronics X-CUBE-WB05N 2.0.0
2025-09-29 13:55:58,838 [INFO] ThirdParty:967 - CMSIS Pack Vendor :STMicroelectronics PDM2PCM 3.1.0
2025-09-29 13:55:58,838 [INFO] ThirdParty:967 - CMSIS Pack Vendor :STMicroelectronics PDM2PCM 3.3.0
2025-09-29 13:55:58,838 [INFO] ThirdParty:967 - CMSIS Pack Vendor :wolfSSL I-CUBE-wolfTPM 3.8.0
2025-09-29 13:55:58,839 [INFO] ThirdParty:967 - CMSIS Pack Vendor :STMicroelectronics X-CUBE-AZRTOS-H7 3.4.0
2025-09-29 13:55:58,839 [INFO] ThirdParty:967 - CMSIS Pack Vendor :wolfSSL I-CUBE-wolfSSH 1.4.20
2025-09-29 13:55:58,839 [INFO] ThirdParty:967 - CMSIS Pack Vendor :STMicroelectronics X-CUBE-NFC7 2.0.0
2025-09-29 13:55:58,839 [INFO] ThirdParty:967 - CMSIS Pack Vendor :STMicroelectronics FP-ATR-SIGFOX1 3.2.0
2025-09-29 13:55:58,839 [INFO] ThirdParty:967 - CMSIS Pack Vendor :STMicroelectronics X-CUBE-NFC10 1.0.0
2025-09-29 13:55:58,839 [INFO] ThirdParty:967 - CMSIS Pack Vendor :STMicroelectronics HAL Drivers 0.0.0
2025-09-29 13:55:58,839 [INFO] ThirdParty:967 - CMSIS Pack Vendor :STMicroelectronics MBEDTLS 2.16.2
2025-09-29 13:55:58,839 [INFO] ThirdParty:967 - CMSIS Pack Vendor :STMicroelectronics MBEDTLS 2.14.1
2025-09-29 13:55:58,839 [INFO] ThirdParty:967 - CMSIS Pack Vendor :STMicroelectronics X-CUBE-STSE01 1.0.0
2025-09-29 13:55:58,839 [INFO] ThirdParty:967 - CMSIS Pack Vendor :STMicroelectronics X-CUBE-AI 10.2.0
2025-09-29 13:55:58,839 [INFO] ThirdParty:967 - CMSIS Pack Vendor :STMicroelectronics X-CUBE-AZRTOS-WL 2.0.0
2025-09-29 13:55:58,839 [INFO] ThirdParty:967 - CMSIS Pack Vendor :SEGGER I-CUBE-embOS 1.3.1
2025-09-29 13:55:58,839 [INFO] ThirdParty:967 - CMSIS Pack Vendor :STMicroelectronics X-CUBE-ALGOBUILD 1.4.0
2025-09-29 13:55:58,839 [INFO] ThirdParty:967 - CMSIS Pack Vendor :STMicroelectronics X-CUBE-MEMS1 11.3.0
2025-09-29 13:55:58,840 [INFO] ThirdParty:967 - CMSIS Pack Vendor :STMicroelectronics USB_DEVICE 1.0.0
2025-09-29 13:55:58,840 [INFO] ThirdParty:967 - CMSIS Pack Vendor :STMicroelectronics X-CUBE-AZRTOS-L4 2.0.0
2025-09-29 13:55:58,840 [INFO] ThirdParty:967 - CMSIS Pack Vendor :STMicroelectronics ThreadX 0.0.2
2025-09-29 13:55:58,840 [INFO] ThirdParty:967 - CMSIS Pack Vendor :STMicroelectronics lwIP 2.1.2
2025-09-29 13:55:58,840 [INFO] ThirdParty:967 - CMSIS Pack Vendor :STMicroelectronics X-CUBE-SFXS2LP1 4.0.0
2025-09-29 13:55:58,840 [INFO] ThirdParty:967 - CMSIS Pack Vendor :STMicroelectronics X-CUBE-BLE2 3.3.0
2025-09-29 13:55:58,840 [INFO] ThirdParty:967 - CMSIS Pack Vendor :STMicroelectronics PDM2PCM 3.2.0
2025-09-29 13:55:58,840 [INFO] ThirdParty:787 - exiting critical section [change project]
2025-09-29 13:55:59,145 [INFO] PinOutPanel:1463 - setPackage(No Configuration,No Configuration)
2025-09-29 13:55:59,147 [INFO] PinOutPanel:1463 - setPackage(STM32F103C6Ux,UFQFPN48)
2025-09-29 13:55:59,678 [INFO] UtilMem:74 - Before build in PCC Used Memory: 762628864 Bytes (864026624)
2025-09-29 13:56:00,349 [INFO] UtilMem:74 - After build in PCC Used Memory: 701571240 Bytes (864026624)
2025-09-29 13:56:00,370 [INFO] IPUIPlugin:74 - create IPUIPlugin
2025-09-29 13:56:00,370 [INFO] IPUIPlugin:74 - create IPUIPlugin
2025-09-29 13:56:00,370 [INFO] IPUIPlugin:74 - create IPUIPlugin
2025-09-29 13:56:00,371 [INFO] IPUIPlugin:74 - create IPUIPlugin
2025-09-29 13:56:00,371 [INFO] IPUIPlugin:74 - create IPUIPlugin
2025-09-29 13:56:00,371 [INFO] IPUIPlugin:74 - create IPUIPlugin
2025-09-29 13:56:00,372 [INFO] IPUIPlugin:74 - create IPUIPlugin
2025-09-29 13:56:00,372 [INFO] IPUIPlugin:74 - create IPUIPlugin
2025-09-29 13:56:00,372 [INFO] IPUIPlugin:74 - create IPUIPlugin
2025-09-29 13:56:00,372 [INFO] IPUIPlugin:74 - create IPUIPlugin
2025-09-29 13:56:00,373 [INFO] IPUIPlugin:74 - create IPUIPlugin
2025-09-29 13:56:00,373 [INFO] IPUIPlugin:74 - create IPUIPlugin
2025-09-29 13:56:00,373 [INFO] IPUIPlugin:74 - create IPUIPlugin
2025-09-29 13:56:00,373 [INFO] IPUIPlugin:74 - create IPUIPlugin
2025-09-29 13:56:00,374 [INFO] IPUIPlugin:74 - create IPUIPlugin
2025-09-29 13:56:00,374 [INFO] IPUIPlugin:74 - create IPUIPlugin
2025-09-29 13:56:00,374 [INFO] IPUIPlugin:74 - create IPUIPlugin
2025-09-29 13:56:00,374 [INFO] IPUIPlugin:74 - create IPUIPlugin
2025-09-29 13:56:00,375 [INFO] IPUIPlugin:74 - create IPUIPlugin
2025-09-29 13:56:00,375 [INFO] IPUIPlugin:74 - create IPUIPlugin
2025-09-29 13:56:00,375 [INFO] IPUIPlugin:74 - create IPUIPlugin
2025-09-29 13:56:00,376 [INFO] IPUIPlugin:74 - create IPUIPlugin
2025-09-29 13:56:00,376 [INFO] IPUIPlugin:74 - create IPUIPlugin
2025-09-29 13:56:00,507 [INFO] OpenFileManager:333 - Restore cursor
2025-09-29 13:56:00,884 [INFO] UtilMem:74 - End SaveConfig() Used Memory: 758710424 Bytes (864026624)
2025-09-29 13:56:00,928 [INFO] UtilMem:74 - End SaveConfig() Used Memory: 768147608 Bytes (864026624)
2025-09-29 13:56:01,551 [INFO] BlockDiagram:2740 - set Specific Code input for plugin: NVIC
2025-09-29 13:56:01,553 [INFO] BlockDiagram:2740 - set Specific Code input for plugin: SYS
2025-09-29 13:56:01,553 [INFO] BlockDiagram:2740 - set Specific Code input for plugin: RCC
2025-09-29 13:56:01,554 [INFO] CodeGenerator:663 - code generatio: config db path: /Applications/STM32CubeIDE.app/Contents/Eclipse/plugins/com.st.stm32cube.common.mx_6.3.0.202107141111//db/
2025-09-29 13:56:02,077 [INFO] CodeEngine:239 - oldGeneratedFile, /Users/admin/Documents/BK-University/VXL/LAB/VXL-1652026-Lab-2/lab2/MXTmpFiles/license.tmp_save
2025-09-29 13:56:02,563 [INFO] CodeEngine:257 - Generated code: /Users/admin/Documents/BK-University/VXL/LAB/VXL-1652026-Lab-2/lab2/MXTmpFiles/license.tmp
2025-09-29 13:56:02,683 [INFO] CodeEngine:239 - oldGeneratedFile, /Users/admin/Documents/BK-University/VXL/LAB/VXL-1652026-Lab-2/lab2/Core/Src/stm32f1xx_it.c_save
2025-09-29 13:56:02,878 [INFO] CodeEngine:257 - Generated code: /Users/admin/Documents/BK-University/VXL/LAB/VXL-1652026-Lab-2/lab2/Core/Src/stm32f1xx_it.c
2025-09-29 13:56:02,880 [INFO] CodeEngine:239 - oldGeneratedFile, /Users/admin/Documents/BK-University/VXL/LAB/VXL-1652026-Lab-2/lab2/Core/Inc/stm32f1xx_it.h_save
2025-09-29 13:56:02,963 [INFO] CodeEngine:257 - Generated code: /Users/admin/Documents/BK-University/VXL/LAB/VXL-1652026-Lab-2/lab2/Core/Inc/stm32f1xx_it.h
2025-09-29 13:56:02,970 [INFO] CodeEngine:239 - oldGeneratedFile, /Users/admin/Documents/BK-University/VXL/LAB/VXL-1652026-Lab-2/lab2/Core/Src/stm32f1xx_hal_msp.c_save
2025-09-29 13:56:03,096 [INFO] CodeEngine:257 - Generated code: /Users/admin/Documents/BK-University/VXL/LAB/VXL-1652026-Lab-2/lab2/Core/Src/stm32f1xx_hal_msp.c
2025-09-29 13:56:03,098 [INFO] CodeEngine:239 - oldGeneratedFile, /Users/admin/Documents/BK-University/VXL/LAB/VXL-1652026-Lab-2/lab2/MXTmpFiles/system.tmp_save
2025-09-29 13:56:03,165 [INFO] CodeEngine:257 - Generated code: /Users/admin/Documents/BK-University/VXL/LAB/VXL-1652026-Lab-2/lab2/MXTmpFiles/system.tmp
2025-09-29 13:56:03,170 [INFO] CodeEngine:239 - oldGeneratedFile, /Users/admin/Documents/BK-University/VXL/LAB/VXL-1652026-Lab-2/lab2/Core/Inc/stm32f1xx_hal_conf.h_save
2025-09-29 13:56:03,275 [INFO] CodeEngine:257 - Generated code: /Users/admin/Documents/BK-University/VXL/LAB/VXL-1652026-Lab-2/lab2/Core/Inc/stm32f1xx_hal_conf.h
2025-09-29 13:56:03,320 [INFO] CodeEngine:239 - oldGeneratedFile, /Users/admin/Documents/BK-University/VXL/LAB/VXL-1652026-Lab-2/lab2/Core/Inc/main.h_save
2025-09-29 13:56:03,417 [INFO] CodeEngine:257 - Generated code: /Users/admin/Documents/BK-University/VXL/LAB/VXL-1652026-Lab-2/lab2/Core/Inc/main.h
2025-09-29 13:56:03,419 [INFO] CodeEngine:239 - oldGeneratedFile, /Users/admin/Documents/BK-University/VXL/LAB/VXL-1652026-Lab-2/lab2/Core/Src/main.c_save
2025-09-29 13:56:03,552 [INFO] CodeEngine:257 - Generated code: /Users/admin/Documents/BK-University/VXL/LAB/VXL-1652026-Lab-2/lab2/Core/Src/main.c
2025-09-29 13:56:04,540 [INFO] ProjectBuilder:2578 - Time for Copy HAL[1] : 126mS.
2025-09-29 13:56:04,546 [INFO] ProjectBuilder:3622 - Project Generator version: 3.14.1
2025-09-29 13:56:05,135 [INFO] ConfigFileManager:1271 - The Die is : DIE412
2025-09-29 13:56:05,164 [INFO] ApiDbMcu:468 - Load IP Config File for FATFS
2025-09-29 13:56:05,263 [INFO] ApiDbMcu:468 - Load IP Config File for FREERTOS
2025-09-29 13:56:05,371 [INFO] ApiDbMcu:468 - Load IP Config File for USB_DEVICE
2025-09-29 13:56:10,299 [INFO] ProjectBuilder:3789 - Time for Generating toolchain IDE Files: 5753mS.
2025-09-29 13:56:10,300 [INFO] ProjectBuilder:2457 - Time for Copy CMSIS : 0mS.
2025-09-29 13:56:10,302 [INFO] ProjectBuilder:2457 - Time for Copy CMSIS : 1mS.
2025-09-29 13:56:10,752 [INFO] McuFinderGlobals:52 - Set McuFinderConnectedMode to true
2025-09-29 13:56:10,760 [INFO] ApiDb:276 - Save user favorites file /Users/admin/.stm32cubeide/favorites.mcus.txt: 0 item(s)
2025-09-29 13:56:10,761 [INFO] ApiDb:280 - User favorites MCUs=[]
2025-09-29 14:02:34,475 [INFO] NvicIntPanel:96 - NVIC parent = com.st.microxplorer.plugins.ip.nvic.MultiNvicIntPanel[,0,0,450x327,layout=javax.swing.BoxLayout,alignmentX=0.0,alignmentY=0.0,border=,flags=9,maximumSize=,minimumSize=,preferredSize=]
2025-09-29 14:02:40,408 [INFO] UtilMem:74 - End SaveConfig() Used Memory: 655081064 Bytes (1073741824)
2025-09-29 14:02:42,162 [INFO] UtilMem:74 - End SaveConfig() Used Memory: 668388168 Bytes (1073741824)
2025-09-29 14:02:45,774 [INFO] UtilMem:74 - End SaveConfig() Used Memory: 806880928 Bytes (1073741824)
2025-09-29 14:02:46,156 [INFO] BlockDiagram:2740 - set Specific Code input for plugin: NVIC
2025-09-29 14:02:46,156 [INFO] BlockDiagram:2740 - set Specific Code input for plugin: SYS
2025-09-29 14:02:46,156 [INFO] BlockDiagram:2740 - set Specific Code input for plugin: GPIO
2025-09-29 14:02:46,156 [INFO] BlockDiagram:2740 - set Specific Code input for plugin: RCC
2025-09-29 14:02:46,156 [INFO] BlockDiagram:2740 - set Specific Code input for plugin: TIM1_8F1
2025-09-29 14:02:46,157 [INFO] CodeGenerator:663 - code generatio: config db path: /Applications/STM32CubeIDE.app/Contents/Eclipse/plugins/com.st.stm32cube.common.mx_6.3.0.202107141111//db/
2025-09-29 14:02:46,455 [INFO] CodeEngine:239 - oldGeneratedFile, /Users/admin/Documents/BK-University/VXL/LAB/VXL-1652026-Lab-2/lab2/MXTmpFiles/license.tmp_save
2025-09-29 14:02:46,556 [INFO] CodeEngine:257 - Generated code: /Users/admin/Documents/BK-University/VXL/LAB/VXL-1652026-Lab-2/lab2/MXTmpFiles/license.tmp
2025-09-29 14:02:46,585 [INFO] CodeEngine:239 - oldGeneratedFile, /Users/admin/Documents/BK-University/VXL/LAB/VXL-1652026-Lab-2/lab2/MXTmpFiles/gpio.tmp_save
2025-09-29 14:02:46,671 [INFO] CodeEngine:257 - Generated code: /Users/admin/Documents/BK-University/VXL/LAB/VXL-1652026-Lab-2/lab2/MXTmpFiles/gpio.tmp
2025-09-29 14:02:46,858 [INFO] CodeEngine:239 - oldGeneratedFile, /Users/admin/Documents/BK-University/VXL/LAB/VXL-1652026-Lab-2/lab2/Core/Src/stm32f1xx_it.c_save
2025-09-29 14:02:46,969 [INFO] CodeEngine:257 - Generated code: /Users/admin/Documents/BK-University/VXL/LAB/VXL-1652026-Lab-2/lab2/Core/Src/stm32f1xx_it.c
2025-09-29 14:02:46,973 [INFO] CodeEngine:239 - oldGeneratedFile, /Users/admin/Documents/BK-University/VXL/LAB/VXL-1652026-Lab-2/lab2/Core/Inc/stm32f1xx_it.h_save
2025-09-29 14:02:47,049 [INFO] CodeEngine:257 - Generated code: /Users/admin/Documents/BK-University/VXL/LAB/VXL-1652026-Lab-2/lab2/Core/Inc/stm32f1xx_it.h
2025-09-29 14:02:47,057 [INFO] CodeEngine:239 - oldGeneratedFile, /Users/admin/Documents/BK-University/VXL/LAB/VXL-1652026-Lab-2/lab2/Core/Src/stm32f1xx_hal_msp.c_save
2025-09-29 14:02:47,195 [INFO] CodeEngine:257 - Generated code: /Users/admin/Documents/BK-University/VXL/LAB/VXL-1652026-Lab-2/lab2/Core/Src/stm32f1xx_hal_msp.c
2025-09-29 14:02:47,198 [INFO] CodeEngine:239 - oldGeneratedFile, /Users/admin/Documents/BK-University/VXL/LAB/VXL-1652026-Lab-2/lab2/MXTmpFiles/system.tmp_save
2025-09-29 14:02:47,268 [INFO] CodeEngine:257 - Generated code: /Users/admin/Documents/BK-University/VXL/LAB/VXL-1652026-Lab-2/lab2/MXTmpFiles/system.tmp
2025-09-29 14:02:47,274 [INFO] CodeEngine:239 - oldGeneratedFile, /Users/admin/Documents/BK-University/VXL/LAB/VXL-1652026-Lab-2/lab2/Core/Inc/stm32f1xx_hal_conf.h_save
2025-09-29 14:02:47,363 [INFO] CodeEngine:257 - Generated code: /Users/admin/Documents/BK-University/VXL/LAB/VXL-1652026-Lab-2/lab2/Core/Inc/stm32f1xx_hal_conf.h
2025-09-29 14:02:47,374 [WARN] IPConfigManager:3148 - IP not found : TIM
2025-09-29 14:02:47,375 [WARN] CodeGenerator:3268 - IP not found : null
2025-09-29 14:02:47,380 [INFO] CodeEngine:239 - oldGeneratedFile, /Users/admin/Documents/BK-University/VXL/LAB/VXL-1652026-Lab-2/lab2/Core/Inc/main.h_save
2025-09-29 14:02:47,457 [INFO] CodeEngine:257 - Generated code: /Users/admin/Documents/BK-University/VXL/LAB/VXL-1652026-Lab-2/lab2/Core/Inc/main.h
2025-09-29 14:02:47,460 [INFO] CodeEngine:239 - oldGeneratedFile, /Users/admin/Documents/BK-University/VXL/LAB/VXL-1652026-Lab-2/lab2/Core/Src/main.c_save
2025-09-29 14:02:47,601 [INFO] CodeEngine:257 - Generated code: /Users/admin/Documents/BK-University/VXL/LAB/VXL-1652026-Lab-2/lab2/Core/Src/main.c
2025-09-29 14:02:48,554 [INFO] ProjectBuilder:2578 - Time for Copy HAL[1] : 169mS.
2025-09-29 14:02:48,559 [INFO] ProjectBuilder:3622 - Project Generator version: 3.14.1
2025-09-29 14:02:49,381 [INFO] ConfigFileManager:1271 - The Die is : DIE412
2025-09-29 14:02:51,265 [INFO] ProjectBuilder:3789 - Time for Generating toolchain IDE Files: 2706mS.
2025-09-29 14:02:51,265 [INFO] ProjectBuilder:2457 - Time for Copy CMSIS : 0mS.
2025-09-29 14:02:51,267 [INFO] ProjectBuilder:2457 - Time for Copy CMSIS : 0mS.
2025-09-29 14:04:56,879 [INFO] UtilMem:74 - End SaveConfig() Used Memory: 710063352 Bytes (1073741824)
2025-09-29 14:04:58,513 [INFO] UtilMem:74 - End SaveConfig() Used Memory: 774818024 Bytes (1073741824)
2025-09-29 14:04:58,849 [INFO] UtilMem:74 - End SaveConfig() Used Memory: 814376016 Bytes (1073741824)
2025-09-29 14:04:59,236 [INFO] BlockDiagram:2740 - set Specific Code input for plugin: NVIC
2025-09-29 14:04:59,239 [INFO] BlockDiagram:2740 - set Specific Code input for plugin: SYS
2025-09-29 14:04:59,240 [INFO] BlockDiagram:2740 - set Specific Code input for plugin: GPIO
2025-09-29 14:04:59,240 [INFO] BlockDiagram:2740 - set Specific Code input for plugin: RCC
2025-09-29 14:04:59,240 [INFO] BlockDiagram:2740 - set Specific Code input for plugin: TIM1_8F1
2025-09-29 14:04:59,241 [INFO] CodeGenerator:663 - code generatio: config db path: /Applications/STM32CubeIDE.app/Contents/Eclipse/plugins/com.st.stm32cube.common.mx_6.3.0.202107141111//db/
2025-09-29 14:04:59,577 [INFO] CodeEngine:239 - oldGeneratedFile, /Users/admin/Documents/BK-University/VXL/LAB/VXL-1652026-Lab-2/lab2/MXTmpFiles/license.tmp_save
2025-09-29 14:04:59,676 [INFO] CodeEngine:257 - Generated code: /Users/admin/Documents/BK-University/VXL/LAB/VXL-1652026-Lab-2/lab2/MXTmpFiles/license.tmp
2025-09-29 14:04:59,688 [INFO] CodeEngine:239 - oldGeneratedFile, /Users/admin/Documents/BK-University/VXL/LAB/VXL-1652026-Lab-2/lab2/MXTmpFiles/gpio.tmp_save
2025-09-29 14:04:59,787 [INFO] CodeEngine:257 - Generated code: /Users/admin/Documents/BK-University/VXL/LAB/VXL-1652026-Lab-2/lab2/MXTmpFiles/gpio.tmp
2025-09-29 14:04:59,814 [INFO] CodeEngine:239 - oldGeneratedFile, /Users/admin/Documents/BK-University/VXL/LAB/VXL-1652026-Lab-2/lab2/Core/Src/stm32f1xx_it.c_save
2025-09-29 14:04:59,950 [INFO] CodeEngine:257 - Generated code: /Users/admin/Documents/BK-University/VXL/LAB/VXL-1652026-Lab-2/lab2/Core/Src/stm32f1xx_it.c
2025-09-29 14:04:59,955 [INFO] CodeEngine:239 - oldGeneratedFile, /Users/admin/Documents/BK-University/VXL/LAB/VXL-1652026-Lab-2/lab2/Core/Inc/stm32f1xx_it.h_save
2025-09-29 14:05:00,075 [INFO] CodeEngine:257 - Generated code: /Users/admin/Documents/BK-University/VXL/LAB/VXL-1652026-Lab-2/lab2/Core/Inc/stm32f1xx_it.h
2025-09-29 14:05:00,084 [INFO] CodeEngine:239 - oldGeneratedFile, /Users/admin/Documents/BK-University/VXL/LAB/VXL-1652026-Lab-2/lab2/Core/Src/stm32f1xx_hal_msp.c_save
2025-09-29 14:05:00,240 [INFO] CodeEngine:257 - Generated code: /Users/admin/Documents/BK-University/VXL/LAB/VXL-1652026-Lab-2/lab2/Core/Src/stm32f1xx_hal_msp.c
2025-09-29 14:05:00,244 [INFO] CodeEngine:239 - oldGeneratedFile, /Users/admin/Documents/BK-University/VXL/LAB/VXL-1652026-Lab-2/lab2/MXTmpFiles/system.tmp_save
2025-09-29 14:05:00,331 [INFO] CodeEngine:257 - Generated code: /Users/admin/Documents/BK-University/VXL/LAB/VXL-1652026-Lab-2/lab2/MXTmpFiles/system.tmp
2025-09-29 14:05:00,337 [INFO] CodeEngine:239 - oldGeneratedFile, /Users/admin/Documents/BK-University/VXL/LAB/VXL-1652026-Lab-2/lab2/Core/Inc/stm32f1xx_hal_conf.h_save
2025-09-29 14:05:00,468 [INFO] CodeEngine:257 - Generated code: /Users/admin/Documents/BK-University/VXL/LAB/VXL-1652026-Lab-2/lab2/Core/Inc/stm32f1xx_hal_conf.h
2025-09-29 14:05:00,477 [WARN] IPConfigManager:3148 - IP not found : TIM
2025-09-29 14:05:00,478 [WARN] CodeGenerator:3268 - IP not found : null
2025-09-29 14:05:00,484 [INFO] CodeEngine:239 - oldGeneratedFile, /Users/admin/Documents/BK-University/VXL/LAB/VXL-1652026-Lab-2/lab2/Core/Inc/main.h_save
2025-09-29 14:05:00,591 [INFO] CodeEngine:257 - Generated code: /Users/admin/Documents/BK-University/VXL/LAB/VXL-1652026-Lab-2/lab2/Core/Inc/main.h
2025-09-29 14:05:00,595 [INFO] CodeEngine:239 - oldGeneratedFile, /Users/admin/Documents/BK-University/VXL/LAB/VXL-1652026-Lab-2/lab2/Core/Src/main.c_save
2025-09-29 14:05:00,901 [INFO] CodeEngine:257 - Generated code: /Users/admin/Documents/BK-University/VXL/LAB/VXL-1652026-Lab-2/lab2/Core/Src/main.c
2025-09-29 14:05:01,779 [INFO] ProjectBuilder:2578 - Time for Copy HAL[1] : 162mS.
2025-09-29 14:05:01,783 [INFO] ProjectBuilder:3622 - Project Generator version: 3.14.1
2025-09-29 14:05:02,518 [INFO] ConfigFileManager:1271 - The Die is : DIE412
2025-09-29 14:05:04,333 [INFO] ProjectBuilder:3789 - Time for Generating toolchain IDE Files: 2550mS.
2025-09-29 14:05:04,334 [INFO] ProjectBuilder:2457 - Time for Copy CMSIS : 0mS.
2025-09-29 14:05:04,336 [INFO] ProjectBuilder:2457 - Time for Copy CMSIS : 0mS.
2025-09-29 16:29:26,157 [INFO] NvicIntPanel:96 - NVIC parent = com.st.microxplorer.plugins.ip.nvic.MultiNvicIntPanel[,0,0,0x0,invalid,layout=javax.swing.BoxLayout,alignmentX=0.0,alignmentY=0.0,border=,flags=9,maximumSize=,minimumSize=,preferredSize=]
2025-09-29 16:29:27,810 [INFO] NvicIntPanel:96 - NVIC parent = com.st.microxplorer.plugins.ip.nvic.MultiNvicIntPanel[,0,0,0x0,invalid,layout=javax.swing.BoxLayout,alignmentX=0.0,alignmentY=0.0,border=,flags=9,maximumSize=,minimumSize=,preferredSize=]
2025-09-29 16:30:49,648 [INFO] NvicIntPanel:96 - NVIC parent = com.st.microxplorer.plugins.ip.nvic.MultiNvicIntPanel[,0,0,0x0,invalid,layout=javax.swing.BoxLayout,alignmentX=0.0,alignmentY=0.0,border=,flags=9,maximumSize=,minimumSize=,preferredSize=]
2025-09-29 16:30:53,544 [INFO] NvicIntPanel:96 - NVIC parent = com.st.microxplorer.plugins.ip.nvic.MultiNvicIntPanel[,0,0,0x0,invalid,layout=javax.swing.BoxLayout,alignmentX=0.0,alignmentY=0.0,border=,flags=9,maximumSize=,minimumSize=,preferredSize=]
2025-09-29 16:30:55,453 [INFO] NvicIntPanel:96 - NVIC parent = com.st.microxplorer.plugins.ip.nvic.MultiNvicIntPanel[,0,0,0x0,invalid,layout=javax.swing.BoxLayout,alignmentX=0.0,alignmentY=0.0,border=,flags=9,maximumSize=,minimumSize=,preferredSize=]
2025-09-29 16:30:59,009 [INFO] NvicIntPanel:96 - NVIC parent = com.st.microxplorer.plugins.ip.nvic.MultiNvicIntPanel[,0,0,0x0,invalid,layout=javax.swing.BoxLayout,alignmentX=0.0,alignmentY=0.0,border=,flags=9,maximumSize=,minimumSize=,preferredSize=]
2025-09-29 16:31:00,627 [INFO] NvicIntPanel:96 - NVIC parent = com.st.microxplorer.plugins.ip.nvic.MultiNvicIntPanel[,0,0,0x0,invalid,layout=javax.swing.BoxLayout,alignmentX=0.0,alignmentY=0.0,border=,flags=9,maximumSize=,minimumSize=,preferredSize=]
2025-09-29 16:31:02,678 [INFO] NvicIntPanel:96 - NVIC parent = com.st.microxplorer.plugins.ip.nvic.MultiNvicIntPanel[,0,0,0x0,invalid,layout=javax.swing.BoxLayout,alignmentX=0.0,alignmentY=0.0,border=,flags=9,maximumSize=,minimumSize=,preferredSize=]
2025-09-29 16:31:19,572 [INFO] Pin:2088 - value.trim() 7SEG_0
2025-09-29 16:31:19,573 [INFO] Pin:2089 - Pin value PB0
2025-09-29 16:31:22,972 [INFO] Pin:2088 - value.trim() 7SEG_0
2025-09-29 16:31:22,972 [INFO] Pin:2089 - Pin value PB0
2025-09-29 16:31:30,704 [INFO] Pin:2088 - value.trim() 7SEG_0
2025-09-29 16:31:30,704 [INFO] Pin:2089 - Pin value PB0
2025-09-29 16:31:37,971 [INFO] Pin:2088 - value.trim() 7SEG_0
2025-09-29 16:31:37,971 [INFO] Pin:2089 - Pin value PB0
2025-09-29 16:31:50,421 [INFO] Pin:2088 - value.trim() 7SEG_0
2025-09-29 16:31:50,427 [INFO] Pin:2089 - Pin value PB0
2025-09-29 16:32:32,184 [INFO] NvicIntPanel:96 - NVIC parent = com.st.microxplorer.plugins.ip.nvic.MultiNvicIntPanel[,0,0,0x0,invalid,layout=javax.swing.BoxLayout,alignmentX=0.0,alignmentY=0.0,border=,flags=9,maximumSize=,minimumSize=,preferredSize=]
2025-09-29 16:32:45,173 [INFO] UtilMem:74 - End SaveConfig() Used Memory: 745194952 Bytes (1073741824)
2025-09-29 16:32:46,770 [INFO] UtilMem:74 - End SaveConfig() Used Memory: 757476016 Bytes (1073741824)
2025-09-29 16:32:49,602 [INFO] UtilMem:74 - End SaveConfig() Used Memory: 827746496 Bytes (1073741824)
2025-09-29 16:32:49,992 [INFO] BlockDiagram:2740 - set Specific Code input for plugin: NVIC
2025-09-29 16:32:49,993 [INFO] BlockDiagram:2740 - set Specific Code input for plugin: SYS
2025-09-29 16:32:49,993 [INFO] BlockDiagram:2740 - set Specific Code input for plugin: GPIO
2025-09-29 16:32:49,993 [INFO] BlockDiagram:2740 - set Specific Code input for plugin: RCC
2025-09-29 16:32:49,993 [INFO] BlockDiagram:2740 - set Specific Code input for plugin: TIM1_8F1
2025-09-29 16:32:49,994 [INFO] CodeGenerator:663 - code generatio: config db path: /Applications/STM32CubeIDE.app/Contents/Eclipse/plugins/com.st.stm32cube.common.mx_6.3.0.202107141111//db/
2025-09-29 16:32:50,330 [INFO] CodeEngine:239 - oldGeneratedFile, /Users/admin/Documents/BK-University/VXL/LAB/VXL-1652026-Lab-2/lab2/MXTmpFiles/license.tmp_save
2025-09-29 16:32:50,438 [INFO] CodeEngine:257 - Generated code: /Users/admin/Documents/BK-University/VXL/LAB/VXL-1652026-Lab-2/lab2/MXTmpFiles/license.tmp
2025-09-29 16:32:50,483 [INFO] CodeEngine:239 - oldGeneratedFile, /Users/admin/Documents/BK-University/VXL/LAB/VXL-1652026-Lab-2/lab2/MXTmpFiles/gpio.tmp_save
2025-09-29 16:32:50,594 [INFO] CodeEngine:257 - Generated code: /Users/admin/Documents/BK-University/VXL/LAB/VXL-1652026-Lab-2/lab2/MXTmpFiles/gpio.tmp
2025-09-29 16:32:50,673 [INFO] CodeEngine:239 - oldGeneratedFile, /Users/admin/Documents/BK-University/VXL/LAB/VXL-1652026-Lab-2/lab2/Core/Src/stm32f1xx_it.c_save
2025-09-29 16:32:50,782 [INFO] CodeEngine:257 - Generated code: /Users/admin/Documents/BK-University/VXL/LAB/VXL-1652026-Lab-2/lab2/Core/Src/stm32f1xx_it.c
2025-09-29 16:32:50,785 [INFO] CodeEngine:239 - oldGeneratedFile, /Users/admin/Documents/BK-University/VXL/LAB/VXL-1652026-Lab-2/lab2/Core/Inc/stm32f1xx_it.h_save
2025-09-29 16:32:50,869 [INFO] CodeEngine:257 - Generated code: /Users/admin/Documents/BK-University/VXL/LAB/VXL-1652026-Lab-2/lab2/Core/Inc/stm32f1xx_it.h
2025-09-29 16:32:50,877 [INFO] CodeEngine:239 - oldGeneratedFile, /Users/admin/Documents/BK-University/VXL/LAB/VXL-1652026-Lab-2/lab2/Core/Src/stm32f1xx_hal_msp.c_save
2025-09-29 16:32:51,006 [INFO] CodeEngine:257 - Generated code: /Users/admin/Documents/BK-University/VXL/LAB/VXL-1652026-Lab-2/lab2/Core/Src/stm32f1xx_hal_msp.c
2025-09-29 16:32:51,009 [INFO] CodeEngine:239 - oldGeneratedFile, /Users/admin/Documents/BK-University/VXL/LAB/VXL-1652026-Lab-2/lab2/MXTmpFiles/system.tmp_save
2025-09-29 16:32:51,117 [INFO] CodeEngine:257 - Generated code: /Users/admin/Documents/BK-University/VXL/LAB/VXL-1652026-Lab-2/lab2/MXTmpFiles/system.tmp
2025-09-29 16:32:51,123 [INFO] CodeEngine:239 - oldGeneratedFile, /Users/admin/Documents/BK-University/VXL/LAB/VXL-1652026-Lab-2/lab2/Core/Inc/stm32f1xx_hal_conf.h_save
2025-09-29 16:32:51,230 [INFO] CodeEngine:257 - Generated code: /Users/admin/Documents/BK-University/VXL/LAB/VXL-1652026-Lab-2/lab2/Core/Inc/stm32f1xx_hal_conf.h
2025-09-29 16:32:51,245 [WARN] IPConfigManager:3148 - IP not found : TIM
2025-09-29 16:32:51,246 [WARN] CodeGenerator:3268 - IP not found : null
2025-09-29 16:32:51,253 [INFO] CodeEngine:239 - oldGeneratedFile, /Users/admin/Documents/BK-University/VXL/LAB/VXL-1652026-Lab-2/lab2/Core/Inc/main.h_save
2025-09-29 16:32:51,354 [INFO] CodeEngine:257 - Generated code: /Users/admin/Documents/BK-University/VXL/LAB/VXL-1652026-Lab-2/lab2/Core/Inc/main.h
2025-09-29 16:32:51,358 [INFO] CodeEngine:239 - oldGeneratedFile, /Users/admin/Documents/BK-University/VXL/LAB/VXL-1652026-Lab-2/lab2/Core/Src/main.c_save
2025-09-29 16:32:51,624 [INFO] CodeEngine:257 - Generated code: /Users/admin/Documents/BK-University/VXL/LAB/VXL-1652026-Lab-2/lab2/Core/Src/main.c
2025-09-29 16:32:52,550 [INFO] ProjectBuilder:2578 - Time for Copy HAL[1] : 140mS.
2025-09-29 16:32:52,553 [INFO] ProjectBuilder:3622 - Project Generator version: 3.14.1
2025-09-29 16:32:53,136 [INFO] ConfigFileManager:1271 - The Die is : DIE412
2025-09-29 16:32:55,531 [INFO] ProjectBuilder:3789 - Time for Generating toolchain IDE Files: 2978mS.
2025-09-29 16:32:55,533 [INFO] ProjectBuilder:2457 - Time for Copy CMSIS : 1mS.
2025-09-29 16:32:55,535 [INFO] ProjectBuilder:2457 - Time for Copy CMSIS : 0mS.
2025-09-29 16:47:44,887 [INFO] UtilMem:74 - End SaveConfig() Used Memory: 732410112 Bytes (1073741824)
2025-09-29 16:47:46,534 [INFO] UtilMem:74 - End SaveConfig() Used Memory: 744470784 Bytes (1073741824)
2025-09-29 16:47:50,168 [INFO] UtilMem:74 - End SaveConfig() Used Memory: 839055832 Bytes (1073741824)
2025-09-29 16:47:50,417 [INFO] BlockDiagram:2740 - set Specific Code input for plugin: NVIC
2025-09-29 16:47:50,417 [INFO] BlockDiagram:2740 - set Specific Code input for plugin: SYS
2025-09-29 16:47:50,417 [INFO] BlockDiagram:2740 - set Specific Code input for plugin: GPIO
2025-09-29 16:47:50,417 [INFO] BlockDiagram:2740 - set Specific Code input for plugin: RCC
2025-09-29 16:47:50,417 [INFO] BlockDiagram:2740 - set Specific Code input for plugin: TIM1_8F1
2025-09-29 16:47:50,418 [INFO] CodeGenerator:663 - code generatio: config db path: /Applications/STM32CubeIDE.app/Contents/Eclipse/plugins/com.st.stm32cube.common.mx_6.3.0.202107141111//db/
2025-09-29 16:47:50,697 [INFO] CodeEngine:239 - oldGeneratedFile, /Users/admin/Documents/BK-University/VXL/LAB/VXL-1652026-Lab-2/lab2/MXTmpFiles/license.tmp_save
2025-09-29 16:47:50,772 [INFO] CodeEngine:257 - Generated code: /Users/admin/Documents/BK-University/VXL/LAB/VXL-1652026-Lab-2/lab2/MXTmpFiles/license.tmp
2025-09-29 16:47:50,796 [INFO] CodeEngine:239 - oldGeneratedFile, /Users/admin/Documents/BK-University/VXL/LAB/VXL-1652026-Lab-2/lab2/MXTmpFiles/gpio.tmp_save
2025-09-29 16:47:50,866 [INFO] CodeEngine:257 - Generated code: /Users/admin/Documents/BK-University/VXL/LAB/VXL-1652026-Lab-2/lab2/MXTmpFiles/gpio.tmp
2025-09-29 16:47:50,920 [INFO] CodeEngine:239 - oldGeneratedFile, /Users/admin/Documents/BK-University/VXL/LAB/VXL-1652026-Lab-2/lab2/Core/Src/stm32f1xx_it.c_save
2025-09-29 16:47:51,020 [INFO] CodeEngine:257 - Generated code: /Users/admin/Documents/BK-University/VXL/LAB/VXL-1652026-Lab-2/lab2/Core/Src/stm32f1xx_it.c
2025-09-29 16:47:51,023 [INFO] CodeEngine:239 - oldGeneratedFile, /Users/admin/Documents/BK-University/VXL/LAB/VXL-1652026-Lab-2/lab2/Core/Inc/stm32f1xx_it.h_save
2025-09-29 16:47:51,109 [INFO] CodeEngine:257 - Generated code: /Users/admin/Documents/BK-University/VXL/LAB/VXL-1652026-Lab-2/lab2/Core/Inc/stm32f1xx_it.h
2025-09-29 16:47:51,117 [INFO] CodeEngine:239 - oldGeneratedFile, /Users/admin/Documents/BK-University/VXL/LAB/VXL-1652026-Lab-2/lab2/Core/Src/stm32f1xx_hal_msp.c_save
2025-09-29 16:47:51,240 [INFO] CodeEngine:257 - Generated code: /Users/admin/Documents/BK-University/VXL/LAB/VXL-1652026-Lab-2/lab2/Core/Src/stm32f1xx_hal_msp.c
2025-09-29 16:47:51,243 [INFO] CodeEngine:239 - oldGeneratedFile, /Users/admin/Documents/BK-University/VXL/LAB/VXL-1652026-Lab-2/lab2/MXTmpFiles/system.tmp_save
2025-09-29 16:47:51,314 [INFO] CodeEngine:257 - Generated code: /Users/admin/Documents/BK-University/VXL/LAB/VXL-1652026-Lab-2/lab2/MXTmpFiles/system.tmp
2025-09-29 16:47:51,320 [INFO] CodeEngine:239 - oldGeneratedFile, /Users/admin/Documents/BK-University/VXL/LAB/VXL-1652026-Lab-2/lab2/Core/Inc/stm32f1xx_hal_conf.h_save
2025-09-29 16:47:51,437 [INFO] CodeEngine:257 - Generated code: /Users/admin/Documents/BK-University/VXL/LAB/VXL-1652026-Lab-2/lab2/Core/Inc/stm32f1xx_hal_conf.h
2025-09-29 16:47:51,448 [WARN] IPConfigManager:3148 - IP not found : TIM
2025-09-29 16:47:51,449 [WARN] CodeGenerator:3268 - IP not found : null
2025-09-29 16:47:51,453 [INFO] CodeEngine:239 - oldGeneratedFile, /Users/admin/Documents/BK-University/VXL/LAB/VXL-1652026-Lab-2/lab2/Core/Inc/main.h_save
2025-09-29 16:47:51,532 [INFO] CodeEngine:257 - Generated code: /Users/admin/Documents/BK-University/VXL/LAB/VXL-1652026-Lab-2/lab2/Core/Inc/main.h
2025-09-29 16:47:51,535 [INFO] CodeEngine:239 - oldGeneratedFile, /Users/admin/Documents/BK-University/VXL/LAB/VXL-1652026-Lab-2/lab2/Core/Src/main.c_save
2025-09-29 16:47:51,755 [INFO] CodeEngine:257 - Generated code: /Users/admin/Documents/BK-University/VXL/LAB/VXL-1652026-Lab-2/lab2/Core/Src/main.c
2025-09-29 16:47:52,389 [INFO] ProjectBuilder:2578 - Time for Copy HAL[1] : 159mS.
2025-09-29 16:47:52,392 [INFO] ProjectBuilder:3622 - Project Generator version: 3.14.1
2025-09-29 16:47:53,089 [INFO] ConfigFileManager:1271 - The Die is : DIE412
2025-09-29 16:47:54,845 [INFO] ProjectBuilder:3789 - Time for Generating toolchain IDE Files: 2453mS.
2025-09-29 16:47:54,845 [INFO] ProjectBuilder:2457 - Time for Copy CMSIS : 0mS.
2025-09-29 16:47:54,848 [INFO] ProjectBuilder:2457 - Time for Copy CMSIS : 0mS.
2025-09-30 13:48:36,351 [INFO] Activator:177 - 


2025-09-30 13:48:36,354 [INFO] Activator:178 - !SESSION log4j initialized
2025-09-30 13:48:41,174 [ERROR] LogOutputStream:74 - [STDERR_REDIRECT] 
